2019-05-27 12:49:16,370 | INFO | DefaultCamelContext.java 3146 | Apache Camel 2.20.1 (CamelContext: camel-1) is starting
2019-05-27 12:49:16,372 | INFO | ManagedManagementStrategy.java 205 | JMX is enabled
2019-05-27 12:49:16,484 | INFO | DefaultTypeConverter.java 66 | Type converters loaded (core: 192, classpath: 0)
2019-05-27 12:49:16,566 | INFO | DefaultCamelContext.java 3466 | StreamCaching is not in use. If using streams then its recommended to enable stream caching. See more details at http://camel.apache.org/stream-caching.html
2019-05-27 12:49:16,593 | INFO | DefaultCamelContext.java 4026 | Route: route1 started and consuming from: direct://processorInput
2019-05-27 12:49:16,594 | INFO | DefaultCamelContext.java 3195 | Total 1 routes, of which 1 are started
2019-05-27 12:49:16,596 | INFO | DefaultCamelContext.java 3207 | Apache Camel 2.20.1 (CamelContext: camel-1) started in 0.227 seconds
2019-05-27 12:49:16,603 | INFO | CamelLogger.java 159 | Received Message @Before process
2019-05-27 12:49:16,606 | INFO | CamelLogger.java 159 | Received Message is A,B,C,D,2 and headers are {breadcrumbId=ID-DProkopiuk-W10-1558950556209-0-1}
2019-05-27 12:49:21,612 | INFO | DefaultCamelContext.java 3497 | Apache Camel 2.20.1 (CamelContext: camel-1) is shutting down
2019-05-27 12:49:21,612 | INFO | DefaultShutdownStrategy.java 195 | Starting to graceful shutdown 1 routes (timeout 300 seconds)
2019-05-27 12:49:21,616 | INFO | DefaultShutdownStrategy.java 671 | Route: route1 shutdown complete, was consuming from: direct://processorInput
2019-05-27 12:49:21,616 | INFO | DefaultShutdownStrategy.java 260 | Graceful shutdown of 1 routes completed in 0 seconds
2019-05-27 12:49:21,629 | INFO | DefaultCamelContext.java 3588 | Apache Camel 2.20.1 (CamelContext: camel-1) uptime 5.262 seconds
2019-05-27 12:49:21,637 | INFO | DefaultCamelContext.java 3589 | Apache Camel 2.20.1 (CamelContext: camel-1) is shutdown in 0.025 seconds
2019-05-28 09:35:44,609 | INFO | DefaultCamelContext.java 3146 | Apache Camel 2.20.1 (CamelContext: camel-1) is starting
2019-05-28 09:35:44,611 | INFO | ManagedManagementStrategy.java 205 | JMX is enabled
2019-05-28 09:35:44,736 | INFO | DefaultTypeConverter.java 66 | Type converters loaded (core: 192, classpath: 0)
2019-05-28 09:35:44,807 | INFO | DefaultCamelContext.java 3466 | StreamCaching is not in use. If using streams then its recommended to enable stream caching. See more details at http://camel.apache.org/stream-caching.html
2019-05-28 09:35:44,827 | INFO | DefaultCamelContext.java 4026 | Route: route1 started and consuming from: direct://transformInput
2019-05-28 09:35:44,827 | INFO | DefaultCamelContext.java 3195 | Total 1 routes, of which 1 are started
2019-05-28 09:35:44,829 | INFO | DefaultCamelContext.java 3207 | Apache Camel 2.20.1 (CamelContext: camel-1) started in 0.220 seconds
2019-05-28 09:36:07,699 | INFO | DefaultCamelContext.java 3146 | Apache Camel 2.20.1 (CamelContext: camel-1) is starting
2019-05-28 09:36:07,701 | INFO | ManagedManagementStrategy.java 205 | JMX is enabled
2019-05-28 09:36:07,814 | INFO | DefaultTypeConverter.java 66 | Type converters loaded (core: 192, classpath: 0)
2019-05-28 09:36:07,881 | INFO | DefaultCamelContext.java 3466 | StreamCaching is not in use. If using streams then its recommended to enable stream caching. See more details at http://camel.apache.org/stream-caching.html
2019-05-28 09:36:07,899 | INFO | DefaultCamelContext.java 4026 | Route: route1 started and consuming from: direct://transformInput
2019-05-28 09:36:07,900 | INFO | DefaultCamelContext.java 3195 | Total 1 routes, of which 1 are started
2019-05-28 09:36:07,902 | INFO | DefaultCamelContext.java 3207 | Apache Camel 2.20.1 (CamelContext: camel-1) started in 0.203 seconds
2019-05-28 09:36:50,414 | INFO | DefaultCamelContext.java 3146 | Apache Camel 2.20.1 (CamelContext: camel-1) is starting
2019-05-28 09:36:50,416 | INFO | ManagedManagementStrategy.java 205 | JMX is enabled
2019-05-28 09:36:50,528 | INFO | DefaultTypeConverter.java 66 | Type converters loaded (core: 192, classpath: 0)
2019-05-28 09:36:50,595 | INFO | DefaultCamelContext.java 3466 | StreamCaching is not in use. If using streams then its recommended to enable stream caching. See more details at http://camel.apache.org/stream-caching.html
2019-05-28 09:36:50,614 | INFO | DefaultCamelContext.java 4026 | Route: route1 started and consuming from: direct://transformInput
2019-05-28 09:36:50,614 | INFO | DefaultCamelContext.java 3195 | Total 1 routes, of which 1 are started
2019-05-28 09:36:50,616 | INFO | DefaultCamelContext.java 3207 | Apache Camel 2.20.1 (CamelContext: camel-1) started in 0.201 seconds
2019-05-28 09:39:06,199 | INFO | DefaultCamelContext.java 3146 | Apache Camel 2.20.1 (CamelContext: camel-1) is starting
2019-05-28 09:39:06,201 | INFO | ManagedManagementStrategy.java 205 | JMX is enabled
2019-05-28 09:39:06,317 | INFO | DefaultTypeConverter.java 66 | Type converters loaded (core: 192, classpath: 0)
2019-05-28 09:39:06,396 | INFO | DefaultCamelContext.java 3466 | StreamCaching is not in use. If using streams then its recommended to enable stream caching. See more details at http://camel.apache.org/stream-caching.html
2019-05-28 09:39:06,422 | INFO | DefaultCamelContext.java 4026 | Route: route1 started and consuming from: direct://transformInput
2019-05-28 09:39:06,422 | INFO | DefaultCamelContext.java 3195 | Total 1 routes, of which 1 are started
2019-05-28 09:39:06,424 | INFO | DefaultCamelContext.java 3207 | Apache Camel 2.20.1 (CamelContext: camel-1) started in 0.225 seconds
2019-05-28 09:39:25,802 | INFO | DefaultCamelContext.java 3146 | Apache Camel 2.20.1 (CamelContext: camel-1) is starting
2019-05-28 09:39:25,804 | INFO | ManagedManagementStrategy.java 205 | JMX is enabled
2019-05-28 09:39:25,918 | INFO | DefaultTypeConverter.java 66 | Type converters loaded (core: 192, classpath: 0)
2019-05-28 09:39:25,996 | INFO | DefaultCamelContext.java 3466 | StreamCaching is not in use. If using streams then its recommended to enable stream caching. See more details at http://camel.apache.org/stream-caching.html
2019-05-28 09:39:26,020 | INFO | DefaultCamelContext.java 4026 | Route: route1 started and consuming from: direct://transformInput
2019-05-28 09:39:26,021 | INFO | DefaultCamelContext.java 3195 | Total 1 routes, of which 1 are started
2019-05-28 09:39:26,023 | INFO | DefaultCamelContext.java 3207 | Apache Camel 2.20.1 (CamelContext: camel-1) started in 0.221 seconds
2019-05-28 09:39:26,032 | INFO | CamelLogger.java 159 | 1*b*c*d*e
2019-05-28 09:39:31,041 | INFO | DefaultCamelContext.java 3497 | Apache Camel 2.20.1 (CamelContext: camel-1) is shutting down
2019-05-28 09:39:31,041 | INFO | DefaultShutdownStrategy.java 195 | Starting to graceful shutdown 1 routes (timeout 300 seconds)
2019-05-28 09:39:31,045 | INFO | DefaultShutdownStrategy.java 671 | Route: route1 shutdown complete, was consuming from: direct://transformInput
2019-05-28 09:39:31,045 | INFO | DefaultShutdownStrategy.java 260 | Graceful shutdown of 1 routes completed in 0 seconds
2019-05-28 09:39:31,067 | INFO | DefaultCamelContext.java 3588 | Apache Camel 2.20.1 (CamelContext: camel-1) uptime 5.267 seconds
2019-05-28 09:39:31,067 | INFO | DefaultCamelContext.java 3589 | Apache Camel 2.20.1 (CamelContext: camel-1) is shutdown in 0.026 seconds
2019-05-28 09:39:59,829 | INFO | DefaultCamelContext.java 3146 | Apache Camel 2.20.1 (CamelContext: camel-1) is starting
2019-05-28 09:39:59,831 | INFO | ManagedManagementStrategy.java 205 | JMX is enabled
2019-05-28 09:39:59,953 | INFO | DefaultTypeConverter.java 66 | Type converters loaded (core: 192, classpath: 0)
2019-05-28 09:40:00,030 | INFO | DefaultCamelContext.java 3466 | StreamCaching is not in use. If using streams then its recommended to enable stream caching. See more details at http://camel.apache.org/stream-caching.html
2019-05-28 09:40:00,063 | INFO | DefaultCamelContext.java 4026 | Route: route1 started and consuming from: direct://transformInput
2019-05-28 09:40:00,063 | INFO | DefaultCamelContext.java 3195 | Total 1 routes, of which 1 are started
2019-05-28 09:40:00,065 | INFO | DefaultCamelContext.java 3207 | Apache Camel 2.20.1 (CamelContext: camel-1) started in 0.237 seconds
2019-05-28 09:40:17,822 | INFO | DefaultCamelContext.java 3146 | Apache Camel 2.20.1 (CamelContext: camel-1) is starting
2019-05-28 09:40:17,822 | INFO | ManagedManagementStrategy.java 205 | JMX is enabled
2019-05-28 09:40:17,948 | INFO | DefaultTypeConverter.java 66 | Type converters loaded (core: 192, classpath: 0)
2019-05-28 09:40:18,022 | INFO | DefaultCamelContext.java 3497 | Apache Camel 2.20.1 (CamelContext: camel-1) is shutting down
2019-05-28 09:40:18,043 | INFO | DefaultCamelContext.java 3588 | Apache Camel 2.20.1 (CamelContext: camel-1) uptime 0.213 seconds
2019-05-28 09:40:18,043 | INFO | DefaultCamelContext.java 3589 | Apache Camel 2.20.1 (CamelContext: camel-1) is shutdown in 0.021 seconds
2019-05-28 09:40:34,324 | INFO | DefaultCamelContext.java 3146 | Apache Camel 2.20.1 (CamelContext: camel-1) is starting
2019-05-28 09:40:34,326 | INFO | ManagedManagementStrategy.java 205 | JMX is enabled
2019-05-28 09:40:34,441 | INFO | DefaultTypeConverter.java 66 | Type converters loaded (core: 192, classpath: 0)
2019-05-28 09:40:34,522 | INFO | DefaultCamelContext.java 3466 | StreamCaching is not in use. If using streams then its recommended to enable stream caching. See more details at http://camel.apache.org/stream-caching.html
2019-05-28 09:40:34,546 | INFO | DefaultCamelContext.java 4026 | Route: route1 started and consuming from: direct://transformInput
2019-05-28 09:40:34,546 | INFO | DefaultCamelContext.java 3195 | Total 1 routes, of which 1 are started
2019-05-28 09:40:34,548 | INFO | DefaultCamelContext.java 3207 | Apache Camel 2.20.1 (CamelContext: camel-1) started in 0.224 seconds
2019-05-28 09:40:34,558 | INFO | CamelLogger.java 159 | 1*b*c*d*e
2019-05-28 09:40:39,570 | INFO | DefaultCamelContext.java 3497 | Apache Camel 2.20.1 (CamelContext: camel-1) is shutting down
2019-05-28 09:40:39,570 | INFO | DefaultShutdownStrategy.java 195 | Starting to graceful shutdown 1 routes (timeout 300 seconds)
2019-05-28 09:40:39,570 | INFO | DefaultShutdownStrategy.java 671 | Route: route1 shutdown complete, was consuming from: direct://transformInput
2019-05-28 09:40:39,570 | INFO | DefaultShutdownStrategy.java 260 | Graceful shutdown of 1 routes completed in 0 seconds
2019-05-28 09:40:39,589 | INFO | DefaultCamelContext.java 3588 | Apache Camel 2.20.1 (CamelContext: camel-1) uptime 5.266 seconds
2019-05-28 09:40:39,596 | INFO | DefaultCamelContext.java 3589 | Apache Camel 2.20.1 (CamelContext: camel-1) is shutdown in 0.026 seconds
2019-05-28 09:41:48,797 | INFO | DefaultCamelContext.java 3146 | Apache Camel 2.20.1 (CamelContext: camel-1) is starting
2019-05-28 09:41:48,799 | INFO | ManagedManagementStrategy.java 205 | JMX is enabled
2019-05-28 09:41:48,914 | INFO | DefaultTypeConverter.java 66 | Type converters loaded (core: 192, classpath: 0)
2019-05-28 09:41:48,996 | INFO | DefaultCamelContext.java 3466 | StreamCaching is not in use. If using streams then its recommended to enable stream caching. See more details at http://camel.apache.org/stream-caching.html
2019-05-28 09:41:49,020 | INFO | DefaultCamelContext.java 4026 | Route: route1 started and consuming from: direct://transformInput
2019-05-28 09:41:49,021 | INFO | DefaultCamelContext.java 3195 | Total 1 routes, of which 1 are started
2019-05-28 09:41:49,022 | INFO | DefaultCamelContext.java 3207 | Apache Camel 2.20.1 (CamelContext: camel-1) started in 0.226 seconds
2019-05-28 09:41:49,032 | INFO | CamelLogger.java 159 | 1*b*c*d*e
2019-05-28 09:41:54,040 | INFO | DefaultCamelContext.java 3497 | Apache Camel 2.20.1 (CamelContext: camel-1) is shutting down
2019-05-28 09:41:54,040 | INFO | DefaultShutdownStrategy.java 195 | Starting to graceful shutdown 1 routes (timeout 300 seconds)
2019-05-28 09:41:54,043 | INFO | DefaultShutdownStrategy.java 671 | Route: route1 shutdown complete, was consuming from: direct://transformInput
2019-05-28 09:41:54,043 | INFO | DefaultShutdownStrategy.java 260 | Graceful shutdown of 1 routes completed in 0 seconds
2019-05-28 09:41:54,065 | INFO | DefaultCamelContext.java 3588 | Apache Camel 2.20.1 (CamelContext: camel-1) uptime 5.270 seconds
2019-05-28 09:41:54,065 | INFO | DefaultCamelContext.java 3589 | Apache Camel 2.20.1 (CamelContext: camel-1) is shutdown in 0.025 seconds
2019-05-28 09:51:39,179 | INFO | DefaultCamelContext.java 3146 | Apache Camel 2.20.1 (CamelContext: camel-1) is starting
2019-05-28 09:51:39,181 | INFO | ManagedManagementStrategy.java 205 | JMX is enabled
2019-05-28 09:51:39,300 | INFO | DefaultTypeConverter.java 66 | Type converters loaded (core: 192, classpath: 0)
2019-05-28 09:51:39,378 | INFO | DefaultCamelContext.java 3466 | StreamCaching is not in use. If using streams then its recommended to enable stream caching. See more details at http://camel.apache.org/stream-caching.html
2019-05-28 09:51:39,400 | INFO | DefaultCamelContext.java 4026 | Route: route1 started and consuming from: direct://beanInput
2019-05-28 09:51:39,400 | INFO | DefaultCamelContext.java 3195 | Total 1 routes, of which 1 are started
2019-05-28 09:51:39,402 | INFO | DefaultCamelContext.java 3207 | Apache Camel 2.20.1 (CamelContext: camel-1) started in 0.223 seconds
2019-05-28 09:51:58,108 | INFO | DefaultCamelContext.java 3146 | Apache Camel 2.20.1 (CamelContext: camel-1) is starting
2019-05-28 09:51:58,110 | INFO | ManagedManagementStrategy.java 205 | JMX is enabled
2019-05-28 09:51:58,226 | INFO | DefaultTypeConverter.java 66 | Type converters loaded (core: 192, classpath: 0)
2019-05-28 09:51:58,305 | INFO | DefaultCamelContext.java 3466 | StreamCaching is not in use. If using streams then its recommended to enable stream caching. See more details at http://camel.apache.org/stream-caching.html
2019-05-28 09:51:58,326 | INFO | DefaultCamelContext.java 4026 | Route: route1 started and consuming from: direct://beanInput
2019-05-28 09:51:58,327 | INFO | DefaultCamelContext.java 3195 | Total 1 routes, of which 1 are started
2019-05-28 09:51:58,328 | INFO | DefaultCamelContext.java 3207 | Apache Camel 2.20.1 (CamelContext: camel-1) started in 0.221 seconds
2019-05-28 09:51:58,339 | INFO | CamelLogger.java 159 | 1*b*c*d*e
2019-05-28 09:52:03,340 | INFO | DefaultCamelContext.java 3497 | Apache Camel 2.20.1 (CamelContext: camel-1) is shutting down
2019-05-28 09:52:03,340 | INFO | DefaultShutdownStrategy.java 195 | Starting to graceful shutdown 1 routes (timeout 300 seconds)
2019-05-28 09:52:03,344 | INFO | DefaultShutdownStrategy.java 671 | Route: route1 shutdown complete, was consuming from: direct://beanInput
2019-05-28 09:52:03,344 | INFO | DefaultShutdownStrategy.java 260 | Graceful shutdown of 1 routes completed in 0 seconds
2019-05-28 09:52:03,356 | INFO | DefaultCamelContext.java 3588 | Apache Camel 2.20.1 (CamelContext: camel-1) uptime 5.250 seconds
2019-05-28 09:52:03,356 | INFO | DefaultCamelContext.java 3589 | Apache Camel 2.20.1 (CamelContext: camel-1) is shutdown in 0.016 seconds
2019-05-28 10:15:41,435 | INFO | DefaultCamelContext.java 3146 | Apache Camel 2.20.1 (CamelContext: camel-1) is starting
2019-05-28 10:15:41,437 | INFO | ManagedManagementStrategy.java 205 | JMX is enabled
2019-05-28 10:15:41,557 | INFO | DefaultTypeConverter.java 66 | Type converters loaded (core: 192, classpath: 0)
2019-05-28 10:15:41,621 | INFO | DefaultCamelContext.java 3497 | Apache Camel 2.20.1 (CamelContext: camel-1) is shutting down
2019-05-28 10:15:41,637 | INFO | DefaultCamelContext.java 3588 | Apache Camel 2.20.1 (CamelContext: camel-1) uptime 0.202 seconds
2019-05-28 10:15:41,637 | INFO | DefaultCamelContext.java 3589 | Apache Camel 2.20.1 (CamelContext: camel-1) is shutdown in 0.016 seconds
2019-05-28 10:16:08,339 | INFO | DefaultCamelContext.java 3146 | Apache Camel 2.20.1 (CamelContext: camel-1) is starting
2019-05-28 10:16:08,341 | INFO | ManagedManagementStrategy.java 205 | JMX is enabled
2019-05-28 10:16:08,457 | INFO | DefaultTypeConverter.java 66 | Type converters loaded (core: 192, classpath: 0)
2019-05-28 10:16:08,519 | INFO | DefaultCamelContext.java 3497 | Apache Camel 2.20.1 (CamelContext: camel-1) is shutting down
2019-05-28 10:16:08,534 | INFO | DefaultCamelContext.java 3588 | Apache Camel 2.20.1 (CamelContext: camel-1) uptime 0.195 seconds
2019-05-28 10:16:08,534 | INFO | DefaultCamelContext.java 3589 | Apache Camel 2.20.1 (CamelContext: camel-1) is shutdown in 0.015 seconds
2019-05-28 10:18:58,926 | INFO | DefaultCamelContext.java 3146 | Apache Camel 2.20.1 (CamelContext: camel-1) is starting
2019-05-28 10:18:58,928 | INFO | ManagedManagementStrategy.java 205 | JMX is enabled
2019-05-28 10:18:59,042 | INFO | DefaultTypeConverter.java 66 | Type converters loaded (core: 192, classpath: 0)
2019-05-28 10:18:59,099 | INFO | DefaultCamelContext.java 3497 | Apache Camel 2.20.1 (CamelContext: camel-1) is shutting down
2019-05-28 10:18:59,114 | INFO | DefaultCamelContext.java 3588 | Apache Camel 2.20.1 (CamelContext: camel-1) uptime 0.189 seconds
2019-05-28 10:18:59,115 | INFO | DefaultCamelContext.java 3589 | Apache Camel 2.20.1 (CamelContext: camel-1) is shutdown in 0.016 seconds
2019-05-28 10:20:56,338 | INFO | DefaultCamelContext.java 3146 | Apache Camel 2.20.1 (CamelContext: camel-1) is starting
2019-05-28 10:20:56,340 | INFO | ManagedManagementStrategy.java 205 | JMX is enabled
2019-05-28 10:20:56,453 | INFO | DefaultTypeConverter.java 66 | Type converters loaded (core: 192, classpath: 0)
2019-05-28 10:20:56,525 | INFO | DefaultCamelContext.java 3466 | StreamCaching is not in use. If using streams then its recommended to enable stream caching. See more details at http://camel.apache.org/stream-caching.html
2019-05-28 10:20:56,633 | INFO | DefaultCamelContext.java 4026 | Route: route1 started and consuming from: direct://csvinput
2019-05-28 10:20:56,633 | INFO | DefaultCamelContext.java 3195 | Total 1 routes, of which 1 are started
2019-05-28 10:20:56,635 | INFO | DefaultCamelContext.java 3207 | Apache Camel 2.20.1 (CamelContext: camel-1) started in 0.297 seconds
2019-05-28 10:20:56,655 | ERROR | CamelLogger.java 204 | Failed delivery for (MessageId: ID-DProkopiuk-W10-1559028056178-0-2 on ExchangeId: ID-DProkopiuk-W10-1559028056178-0-1). Exhausted after delivery attempt: 1 caught: java.util.NoSuchElementException

Message History
---------------------------------------------------------------------------------------------------------------------------------------
RouteId              ProcessorId          Processor                                                                        Elapsed (ms)
[route1            ] [route1            ] [direct://csvinput                                                             ] [        13]
[route1            ] [process1          ] [Processor@0x39d9314d                                                          ] [         2]

Stacktrace
---------------------------------------------------------------------------------------------------------------------------------------
java.util.NoSuchElementException
	at java.util.StringTokenizer.nextToken(StringTokenizer.java:349)
	at java.util.StringTokenizer.nextElement(StringTokenizer.java:407)
	at app04.xstream.xml.route.CustomProcessorXStreamProcessor.process(CustomProcessorXStreamProcessor.java:25)
	at org.apache.camel.processor.DelegateSyncProcessor.process(DelegateSyncProcessor.java:63)
	at org.apache.camel.processor.RedeliveryErrorHandler.process(RedeliveryErrorHandler.java:548)
	at org.apache.camel.processor.CamelInternalProcessor.process(CamelInternalProcessor.java:201)
	at org.apache.camel.processor.Pipeline.process(Pipeline.java:138)
	at org.apache.camel.processor.Pipeline.process(Pipeline.java:101)
	at org.apache.camel.processor.CamelInternalProcessor.process(CamelInternalProcessor.java:201)
	at org.apache.camel.component.direct.DirectProducer.process(DirectProducer.java:62)
	at org.apache.camel.processor.SharedCamelInternalProcessor.process(SharedCamelInternalProcessor.java:186)
	at org.apache.camel.processor.SharedCamelInternalProcessor.process(SharedCamelInternalProcessor.java:86)
	at org.apache.camel.impl.ProducerCache$1.doInProducer(ProducerCache.java:541)
	at org.apache.camel.impl.ProducerCache$1.doInProducer(ProducerCache.java:506)
	at org.apache.camel.impl.ProducerCache.doInProducer(ProducerCache.java:369)
	at org.apache.camel.impl.ProducerCache.sendExchange(ProducerCache.java:506)
	at org.apache.camel.impl.ProducerCache.send(ProducerCache.java:229)
	at org.apache.camel.impl.DefaultProducerTemplate.send(DefaultProducerTemplate.java:144)
	at org.apache.camel.impl.DefaultProducerTemplate.sendBody(DefaultProducerTemplate.java:161)
	at org.apache.camel.impl.DefaultProducerTemplate.sendBody(DefaultProducerTemplate.java:168)
	at app04.xstream.xml.route.XmlMain.main(XmlMain.java:26)
2019-05-28 10:21:26,002 | INFO | DefaultCamelContext.java 3146 | Apache Camel 2.20.1 (CamelContext: camel-1) is starting
2019-05-28 10:21:26,004 | INFO | ManagedManagementStrategy.java 205 | JMX is enabled
2019-05-28 10:21:26,117 | INFO | DefaultTypeConverter.java 66 | Type converters loaded (core: 192, classpath: 0)
2019-05-28 10:21:26,189 | INFO | DefaultCamelContext.java 3466 | StreamCaching is not in use. If using streams then its recommended to enable stream caching. See more details at http://camel.apache.org/stream-caching.html
2019-05-28 10:21:26,291 | INFO | DefaultCamelContext.java 4026 | Route: route1 started and consuming from: direct://csvinput
2019-05-28 10:21:26,291 | INFO | DefaultCamelContext.java 3195 | Total 1 routes, of which 1 are started
2019-05-28 10:21:26,293 | INFO | DefaultCamelContext.java 3207 | Apache Camel 2.20.1 (CamelContext: camel-1) started in 0.291 seconds
2019-05-28 10:21:26,305 | ERROR | CamelLogger.java 204 | Failed delivery for (MessageId: ID-DProkopiuk-W10-1559028085843-0-2 on ExchangeId: ID-DProkopiuk-W10-1559028085843-0-1). Exhausted after delivery attempt: 1 caught: java.util.NoSuchElementException

Message History
---------------------------------------------------------------------------------------------------------------------------------------
RouteId              ProcessorId          Processor                                                                        Elapsed (ms)
[route1            ] [route1            ] [direct://csvinput                                                             ] [         4]
[route1            ] [process1          ] [Processor@0x68f4865                                                           ] [         2]

Stacktrace
---------------------------------------------------------------------------------------------------------------------------------------
java.util.NoSuchElementException
	at java.util.StringTokenizer.nextToken(StringTokenizer.java:349)
	at java.util.StringTokenizer.nextElement(StringTokenizer.java:407)
	at app04.xstream.xml.route.CustomProcessorXStreamProcessor.process(CustomProcessorXStreamProcessor.java:25)
	at org.apache.camel.processor.DelegateSyncProcessor.process(DelegateSyncProcessor.java:63)
	at org.apache.camel.processor.RedeliveryErrorHandler.process(RedeliveryErrorHandler.java:548)
	at org.apache.camel.processor.CamelInternalProcessor.process(CamelInternalProcessor.java:201)
	at org.apache.camel.processor.Pipeline.process(Pipeline.java:138)
	at org.apache.camel.processor.Pipeline.process(Pipeline.java:101)
	at org.apache.camel.processor.CamelInternalProcessor.process(CamelInternalProcessor.java:201)
	at org.apache.camel.component.direct.DirectProducer.process(DirectProducer.java:62)
	at org.apache.camel.processor.SharedCamelInternalProcessor.process(SharedCamelInternalProcessor.java:186)
	at org.apache.camel.processor.SharedCamelInternalProcessor.process(SharedCamelInternalProcessor.java:86)
	at org.apache.camel.impl.ProducerCache$1.doInProducer(ProducerCache.java:541)
	at org.apache.camel.impl.ProducerCache$1.doInProducer(ProducerCache.java:506)
	at org.apache.camel.impl.ProducerCache.doInProducer(ProducerCache.java:369)
	at org.apache.camel.impl.ProducerCache.sendExchange(ProducerCache.java:506)
	at org.apache.camel.impl.ProducerCache.send(ProducerCache.java:229)
	at org.apache.camel.impl.DefaultProducerTemplate.send(DefaultProducerTemplate.java:144)
	at org.apache.camel.impl.DefaultProducerTemplate.sendBody(DefaultProducerTemplate.java:161)
	at org.apache.camel.impl.DefaultProducerTemplate.sendBody(DefaultProducerTemplate.java:168)
	at app04.xstream.xml.route.XmlMain.main(XmlMain.java:26)
2019-05-28 10:22:21,439 | INFO | DefaultCamelContext.java 3146 | Apache Camel 2.20.1 (CamelContext: camel-1) is starting
2019-05-28 10:22:21,442 | INFO | ManagedManagementStrategy.java 205 | JMX is enabled
2019-05-28 10:22:21,556 | INFO | DefaultTypeConverter.java 66 | Type converters loaded (core: 192, classpath: 0)
2019-05-28 10:22:21,628 | INFO | DefaultCamelContext.java 3466 | StreamCaching is not in use. If using streams then its recommended to enable stream caching. See more details at http://camel.apache.org/stream-caching.html
2019-05-28 10:22:21,729 | INFO | DefaultCamelContext.java 4026 | Route: route1 started and consuming from: direct://csvinput
2019-05-28 10:22:21,729 | INFO | DefaultCamelContext.java 3195 | Total 1 routes, of which 1 are started
2019-05-28 10:22:21,730 | INFO | DefaultCamelContext.java 3207 | Apache Camel 2.20.1 (CamelContext: camel-1) started in 0.292 seconds
2019-05-28 10:22:21,771 | INFO | CamelLogger.java 159 | <?xml version='1.0' encoding='UTF-8'?><employee><name>d</name></employee>
2019-05-28 10:22:26,771 | INFO | DefaultCamelContext.java 3497 | Apache Camel 2.20.1 (CamelContext: camel-1) is shutting down
2019-05-28 10:22:26,771 | INFO | DefaultShutdownStrategy.java 195 | Starting to graceful shutdown 1 routes (timeout 300 seconds)
2019-05-28 10:22:26,774 | INFO | DefaultShutdownStrategy.java 671 | Route: route1 shutdown complete, was consuming from: direct://csvinput
2019-05-28 10:22:26,774 | INFO | DefaultShutdownStrategy.java 260 | Graceful shutdown of 1 routes completed in 0 seconds
2019-05-28 10:22:26,788 | INFO | DefaultCamelContext.java 3588 | Apache Camel 2.20.1 (CamelContext: camel-1) uptime 5.351 seconds
2019-05-28 10:22:26,788 | INFO | DefaultCamelContext.java 3589 | Apache Camel 2.20.1 (CamelContext: camel-1) is shutdown in 0.017 seconds
2019-05-28 10:22:36,190 | INFO | DefaultCamelContext.java 3146 | Apache Camel 2.20.1 (CamelContext: camel-1) is starting
2019-05-28 10:22:36,192 | INFO | ManagedManagementStrategy.java 205 | JMX is enabled
2019-05-28 10:22:36,306 | INFO | DefaultTypeConverter.java 66 | Type converters loaded (core: 192, classpath: 0)
2019-05-28 10:22:36,380 | INFO | DefaultCamelContext.java 3466 | StreamCaching is not in use. If using streams then its recommended to enable stream caching. See more details at http://camel.apache.org/stream-caching.html
2019-05-28 10:22:36,481 | INFO | DefaultCamelContext.java 4026 | Route: route1 started and consuming from: direct://csvinput
2019-05-28 10:22:36,481 | INFO | DefaultCamelContext.java 3195 | Total 1 routes, of which 1 are started
2019-05-28 10:22:36,483 | INFO | DefaultCamelContext.java 3207 | Apache Camel 2.20.1 (CamelContext: camel-1) started in 0.294 seconds
2019-05-28 10:22:36,524 | INFO | CamelLogger.java 159 | <?xml version='1.0' encoding='UTF-8'?><employee><id>d</id><name>c</name></employee>
2019-05-28 10:22:41,524 | INFO | DefaultCamelContext.java 3497 | Apache Camel 2.20.1 (CamelContext: camel-1) is shutting down
2019-05-28 10:22:41,525 | INFO | DefaultShutdownStrategy.java 195 | Starting to graceful shutdown 1 routes (timeout 300 seconds)
2019-05-28 10:22:41,528 | INFO | DefaultShutdownStrategy.java 671 | Route: route1 shutdown complete, was consuming from: direct://csvinput
2019-05-28 10:22:41,528 | INFO | DefaultShutdownStrategy.java 260 | Graceful shutdown of 1 routes completed in 0 seconds
2019-05-28 10:22:41,541 | INFO | DefaultCamelContext.java 3588 | Apache Camel 2.20.1 (CamelContext: camel-1) uptime 5.354 seconds
2019-05-28 10:22:41,541 | INFO | DefaultCamelContext.java 3589 | Apache Camel 2.20.1 (CamelContext: camel-1) is shutdown in 0.017 seconds
2019-05-28 10:22:48,387 | INFO | DefaultCamelContext.java 3146 | Apache Camel 2.20.1 (CamelContext: camel-1) is starting
2019-05-28 10:22:48,389 | INFO | ManagedManagementStrategy.java 205 | JMX is enabled
2019-05-28 10:22:48,503 | INFO | DefaultTypeConverter.java 66 | Type converters loaded (core: 192, classpath: 0)
2019-05-28 10:22:48,574 | INFO | DefaultCamelContext.java 3466 | StreamCaching is not in use. If using streams then its recommended to enable stream caching. See more details at http://camel.apache.org/stream-caching.html
2019-05-28 10:22:48,674 | INFO | DefaultCamelContext.java 4026 | Route: route1 started and consuming from: direct://csvinput
2019-05-28 10:22:48,675 | INFO | DefaultCamelContext.java 3195 | Total 1 routes, of which 1 are started
2019-05-28 10:22:48,676 | INFO | DefaultCamelContext.java 3207 | Apache Camel 2.20.1 (CamelContext: camel-1) started in 0.290 seconds
2019-05-28 10:22:48,697 | ERROR | CamelLogger.java 204 | Failed delivery for (MessageId: ID-DProkopiuk-W10-1559028168228-0-2 on ExchangeId: ID-DProkopiuk-W10-1559028168228-0-1). Exhausted after delivery attempt: 1 caught: java.util.NoSuchElementException

Message History
---------------------------------------------------------------------------------------------------------------------------------------
RouteId              ProcessorId          Processor                                                                        Elapsed (ms)
[route1            ] [route1            ] [direct://csvinput                                                             ] [         5]
[route1            ] [process1          ] [Processor@0x7d898981                                                          ] [         2]

Stacktrace
---------------------------------------------------------------------------------------------------------------------------------------
java.util.NoSuchElementException
	at java.util.StringTokenizer.nextToken(StringTokenizer.java:349)
	at java.util.StringTokenizer.nextElement(StringTokenizer.java:407)
	at app04.xstream.xml.route.CustomProcessorXStreamProcessor.process(CustomProcessorXStreamProcessor.java:25)
	at org.apache.camel.processor.DelegateSyncProcessor.process(DelegateSyncProcessor.java:63)
	at org.apache.camel.processor.RedeliveryErrorHandler.process(RedeliveryErrorHandler.java:548)
	at org.apache.camel.processor.CamelInternalProcessor.process(CamelInternalProcessor.java:201)
	at org.apache.camel.processor.Pipeline.process(Pipeline.java:138)
	at org.apache.camel.processor.Pipeline.process(Pipeline.java:101)
	at org.apache.camel.processor.CamelInternalProcessor.process(CamelInternalProcessor.java:201)
	at org.apache.camel.component.direct.DirectProducer.process(DirectProducer.java:62)
	at org.apache.camel.processor.SharedCamelInternalProcessor.process(SharedCamelInternalProcessor.java:186)
	at org.apache.camel.processor.SharedCamelInternalProcessor.process(SharedCamelInternalProcessor.java:86)
	at org.apache.camel.impl.ProducerCache$1.doInProducer(ProducerCache.java:541)
	at org.apache.camel.impl.ProducerCache$1.doInProducer(ProducerCache.java:506)
	at org.apache.camel.impl.ProducerCache.doInProducer(ProducerCache.java:369)
	at org.apache.camel.impl.ProducerCache.sendExchange(ProducerCache.java:506)
	at org.apache.camel.impl.ProducerCache.send(ProducerCache.java:229)
	at org.apache.camel.impl.DefaultProducerTemplate.send(DefaultProducerTemplate.java:144)
	at org.apache.camel.impl.DefaultProducerTemplate.sendBody(DefaultProducerTemplate.java:161)
	at org.apache.camel.impl.DefaultProducerTemplate.sendBody(DefaultProducerTemplate.java:168)
	at app04.xstream.xml.route.XmlMain.main(XmlMain.java:26)
2019-05-28 10:23:02,754 | INFO | DefaultCamelContext.java 3146 | Apache Camel 2.20.1 (CamelContext: camel-1) is starting
2019-05-28 10:23:02,756 | INFO | ManagedManagementStrategy.java 205 | JMX is enabled
2019-05-28 10:23:02,872 | INFO | DefaultTypeConverter.java 66 | Type converters loaded (core: 192, classpath: 0)
2019-05-28 10:23:02,957 | INFO | DefaultCamelContext.java 3466 | StreamCaching is not in use. If using streams then its recommended to enable stream caching. See more details at http://camel.apache.org/stream-caching.html
2019-05-28 10:23:03,063 | INFO | DefaultCamelContext.java 4026 | Route: route1 started and consuming from: direct://csvinput
2019-05-28 10:23:03,063 | INFO | DefaultCamelContext.java 3195 | Total 1 routes, of which 1 are started
2019-05-28 10:23:03,065 | INFO | DefaultCamelContext.java 3207 | Apache Camel 2.20.1 (CamelContext: camel-1) started in 0.312 seconds
2019-05-28 10:23:03,108 | INFO | CamelLogger.java 159 | <?xml version='1.0' encoding='UTF-8'?><employee><id>b</id><name>a</name><joinDate>c</joinDate></employee>
2019-05-28 10:23:08,110 | INFO | DefaultCamelContext.java 3497 | Apache Camel 2.20.1 (CamelContext: camel-1) is shutting down
2019-05-28 10:23:08,110 | INFO | DefaultShutdownStrategy.java 195 | Starting to graceful shutdown 1 routes (timeout 300 seconds)
2019-05-28 10:23:08,113 | INFO | DefaultShutdownStrategy.java 671 | Route: route1 shutdown complete, was consuming from: direct://csvinput
2019-05-28 10:23:08,113 | INFO | DefaultShutdownStrategy.java 260 | Graceful shutdown of 1 routes completed in 0 seconds
2019-05-28 10:23:08,126 | INFO | DefaultCamelContext.java 3588 | Apache Camel 2.20.1 (CamelContext: camel-1) uptime 5.375 seconds
2019-05-28 10:23:08,127 | INFO | DefaultCamelContext.java 3589 | Apache Camel 2.20.1 (CamelContext: camel-1) is shutdown in 0.017 seconds
2019-05-28 10:23:27,469 | INFO | DefaultCamelContext.java 3146 | Apache Camel 2.20.1 (CamelContext: camel-1) is starting
2019-05-28 10:23:27,472 | INFO | ManagedManagementStrategy.java 205 | JMX is enabled
2019-05-28 10:23:27,585 | INFO | DefaultTypeConverter.java 66 | Type converters loaded (core: 192, classpath: 0)
2019-05-28 10:23:27,656 | INFO | DefaultCamelContext.java 3466 | StreamCaching is not in use. If using streams then its recommended to enable stream caching. See more details at http://camel.apache.org/stream-caching.html
2019-05-28 10:23:27,754 | INFO | DefaultCamelContext.java 4026 | Route: route1 started and consuming from: direct://csvinput
2019-05-28 10:23:27,754 | INFO | DefaultCamelContext.java 3195 | Total 1 routes, of which 1 are started
2019-05-28 10:23:27,755 | INFO | DefaultCamelContext.java 3207 | Apache Camel 2.20.1 (CamelContext: camel-1) started in 0.287 seconds
2019-05-28 10:23:27,795 | INFO | CamelLogger.java 159 | <?xml version='1.0' encoding='UTF-8'?><app04.xstream.xml.route.Employee><id>b</id><name>a</name><joinDate>c</joinDate></app04.xstream.xml.route.Employee>
2019-05-28 10:23:32,795 | INFO | DefaultCamelContext.java 3497 | Apache Camel 2.20.1 (CamelContext: camel-1) is shutting down
2019-05-28 10:23:32,795 | INFO | DefaultShutdownStrategy.java 195 | Starting to graceful shutdown 1 routes (timeout 300 seconds)
2019-05-28 10:23:32,799 | INFO | DefaultShutdownStrategy.java 671 | Route: route1 shutdown complete, was consuming from: direct://csvinput
2019-05-28 10:23:32,799 | INFO | DefaultShutdownStrategy.java 260 | Graceful shutdown of 1 routes completed in 0 seconds
2019-05-28 10:23:32,812 | INFO | DefaultCamelContext.java 3588 | Apache Camel 2.20.1 (CamelContext: camel-1) uptime 5.345 seconds
2019-05-28 10:23:32,812 | INFO | DefaultCamelContext.java 3589 | Apache Camel 2.20.1 (CamelContext: camel-1) is shutdown in 0.017 seconds
2019-05-28 10:23:38,235 | INFO | DefaultCamelContext.java 3146 | Apache Camel 2.20.1 (CamelContext: camel-1) is starting
2019-05-28 10:23:38,237 | INFO | ManagedManagementStrategy.java 205 | JMX is enabled
2019-05-28 10:23:38,348 | INFO | DefaultTypeConverter.java 66 | Type converters loaded (core: 192, classpath: 0)
2019-05-28 10:23:38,418 | INFO | DefaultCamelContext.java 3466 | StreamCaching is not in use. If using streams then its recommended to enable stream caching. See more details at http://camel.apache.org/stream-caching.html
2019-05-28 10:23:38,527 | INFO | DefaultCamelContext.java 4026 | Route: route1 started and consuming from: direct://csvinput
2019-05-28 10:23:38,528 | INFO | DefaultCamelContext.java 3195 | Total 1 routes, of which 1 are started
2019-05-28 10:23:38,529 | INFO | DefaultCamelContext.java 3207 | Apache Camel 2.20.1 (CamelContext: camel-1) started in 0.295 seconds
2019-05-28 10:23:38,560 | INFO | CamelLogger.java 159 | <?xml version='1.0' encoding='UTF-8'?><employee><id>b</id><name>a</name><joinDate>c</joinDate></employee>
2019-05-28 10:23:43,561 | INFO | DefaultCamelContext.java 3497 | Apache Camel 2.20.1 (CamelContext: camel-1) is shutting down
2019-05-28 10:23:43,562 | INFO | DefaultShutdownStrategy.java 195 | Starting to graceful shutdown 1 routes (timeout 300 seconds)
2019-05-28 10:23:43,565 | INFO | DefaultShutdownStrategy.java 671 | Route: route1 shutdown complete, was consuming from: direct://csvinput
2019-05-28 10:23:43,565 | INFO | DefaultShutdownStrategy.java 260 | Graceful shutdown of 1 routes completed in 0 seconds
2019-05-28 10:23:43,575 | INFO | DefaultCamelContext.java 3588 | Apache Camel 2.20.1 (CamelContext: camel-1) uptime 5.342 seconds
2019-05-28 10:23:43,575 | INFO | DefaultCamelContext.java 3589 | Apache Camel 2.20.1 (CamelContext: camel-1) is shutdown in 0.014 seconds
2019-05-28 10:52:37,253 | INFO | DefaultCamelContext.java 3146 | Apache Camel 2.20.1 (CamelContext: camel-1) is starting
2019-05-28 10:52:37,255 | INFO | ManagedManagementStrategy.java 205 | JMX is enabled
2019-05-28 10:52:37,373 | INFO | DefaultTypeConverter.java 66 | Type converters loaded (core: 192, classpath: 0)
2019-05-28 10:52:37,447 | INFO | DefaultCamelContext.java 3466 | StreamCaching is not in use. If using streams then its recommended to enable stream caching. See more details at http://camel.apache.org/stream-caching.html
2019-05-28 10:52:37,540 | INFO | DefaultCamelContext.java 4026 | Route: route1 started and consuming from: direct://xmlInput
2019-05-28 10:52:37,540 | INFO | DefaultCamelContext.java 3195 | Total 1 routes, of which 1 are started
2019-05-28 10:52:37,541 | INFO | DefaultCamelContext.java 3207 | Apache Camel 2.20.1 (CamelContext: camel-1) started in 0.289 seconds
2019-05-28 10:52:37,556 | ERROR | CamelLogger.java 204 | Failed delivery for (MessageId: ID-DProkopiuk-W10-1559029957092-0-2 on ExchangeId: ID-DProkopiuk-W10-1559029957092-0-1). Exhausted after delivery attempt: 1 caught: org.apache.camel.InvalidPayloadException: No body available of type: java.io.InputStream but has value: [Ljava.lang.String;@4b8729ff of type: java.lang.String[] on: Message[]. Caused by: No type converter available to convert from type: java.lang.String[] to the required type: java.io.InputStream with value [Ljava.lang.String;@4b8729ff. Exchange[ID-DProkopiuk-W10-1559029957092-0-1]. Caused by: [org.apache.camel.NoTypeConversionAvailableException - No type converter available to convert from type: java.lang.String[] to the required type: java.io.InputStream with value [Ljava.lang.String;@4b8729ff]

Message History
---------------------------------------------------------------------------------------------------------------------------------------
RouteId              ProcessorId          Processor                                                                        Elapsed (ms)
[route1            ] [route1            ] [direct://xmlInput                                                             ] [         8]
[route1            ] [unmarshal1        ] [unmarshal[org.apache.camel.model.dataformat.XStreamDataFormat@68878f6d]       ] [         5]

Stacktrace
---------------------------------------------------------------------------------------------------------------------------------------
org.apache.camel.InvalidPayloadException: No body available of type: java.io.InputStream but has value: [Ljava.lang.String;@4b8729ff of type: java.lang.String[] on: Message[]. Caused by: No type converter available to convert from type: java.lang.String[] to the required type: java.io.InputStream with value [Ljava.lang.String;@4b8729ff. Exchange[ID-DProkopiuk-W10-1559029957092-0-1]. Caused by: [org.apache.camel.NoTypeConversionAvailableException - No type converter available to convert from type: java.lang.String[] to the required type: java.io.InputStream with value [Ljava.lang.String;@4b8729ff]
	at org.apache.camel.impl.MessageSupport.getMandatoryBody(MessageSupport.java:117)
	at org.apache.camel.processor.UnmarshalProcessor.process(UnmarshalProcessor.java:63)
	at org.apache.camel.processor.RedeliveryErrorHandler.process(RedeliveryErrorHandler.java:548)
	at org.apache.camel.processor.CamelInternalProcessor.process(CamelInternalProcessor.java:201)
	at org.apache.camel.processor.Pipeline.process(Pipeline.java:138)
	at org.apache.camel.processor.Pipeline.process(Pipeline.java:101)
	at org.apache.camel.processor.CamelInternalProcessor.process(CamelInternalProcessor.java:201)
	at org.apache.camel.component.direct.DirectProducer.process(DirectProducer.java:62)
	at org.apache.camel.processor.SharedCamelInternalProcessor.process(SharedCamelInternalProcessor.java:186)
	at org.apache.camel.processor.SharedCamelInternalProcessor.process(SharedCamelInternalProcessor.java:86)
	at org.apache.camel.impl.ProducerCache$1.doInProducer(ProducerCache.java:541)
	at org.apache.camel.impl.ProducerCache$1.doInProducer(ProducerCache.java:506)
	at org.apache.camel.impl.ProducerCache.doInProducer(ProducerCache.java:369)
	at org.apache.camel.impl.ProducerCache.sendExchange(ProducerCache.java:506)
	at org.apache.camel.impl.ProducerCache.send(ProducerCache.java:229)
	at org.apache.camel.impl.DefaultProducerTemplate.send(DefaultProducerTemplate.java:144)
	at org.apache.camel.impl.DefaultProducerTemplate.sendBody(DefaultProducerTemplate.java:161)
	at org.apache.camel.impl.DefaultProducerTemplate.sendBody(DefaultProducerTemplate.java:168)
	at app04.xstream.xml.unmarshalling.UnmarshalXmlMain.main(UnmarshalXmlMain.java:26)
Caused by: org.apache.camel.NoTypeConversionAvailableException: No type converter available to convert from type: java.lang.String[] to the required type: java.io.InputStream with value [Ljava.lang.String;@4b8729ff
	at org.apache.camel.impl.converter.BaseTypeConverterRegistry.mandatoryConvertTo(BaseTypeConverterRegistry.java:206)
	at org.apache.camel.impl.MessageSupport.getMandatoryBody(MessageSupport.java:115)
	... 18 more
2019-05-28 10:52:46,576 | INFO | DefaultCamelContext.java 3146 | Apache Camel 2.20.1 (CamelContext: camel-1) is starting
2019-05-28 10:52:46,578 | INFO | ManagedManagementStrategy.java 205 | JMX is enabled
2019-05-28 10:52:46,695 | INFO | DefaultTypeConverter.java 66 | Type converters loaded (core: 192, classpath: 0)
2019-05-28 10:52:46,769 | INFO | DefaultCamelContext.java 3466 | StreamCaching is not in use. If using streams then its recommended to enable stream caching. See more details at http://camel.apache.org/stream-caching.html
2019-05-28 10:52:46,878 | INFO | DefaultCamelContext.java 4026 | Route: route1 started and consuming from: direct://csvinput
2019-05-28 10:52:46,879 | INFO | DefaultCamelContext.java 3195 | Total 1 routes, of which 1 are started
2019-05-28 10:52:46,880 | INFO | DefaultCamelContext.java 3207 | Apache Camel 2.20.1 (CamelContext: camel-1) started in 0.305 seconds
2019-05-28 10:52:46,913 | INFO | CamelLogger.java 159 | <?xml version='1.0' encoding='UTF-8'?><employee><id>b</id><name>a</name><joinDate>c</joinDate></employee>
2019-05-28 10:52:51,915 | INFO | DefaultCamelContext.java 3497 | Apache Camel 2.20.1 (CamelContext: camel-1) is shutting down
2019-05-28 10:52:51,915 | INFO | DefaultShutdownStrategy.java 195 | Starting to graceful shutdown 1 routes (timeout 300 seconds)
2019-05-28 10:52:51,918 | INFO | DefaultShutdownStrategy.java 671 | Route: route1 shutdown complete, was consuming from: direct://csvinput
2019-05-28 10:52:51,918 | INFO | DefaultShutdownStrategy.java 260 | Graceful shutdown of 1 routes completed in 0 seconds
2019-05-28 10:52:51,930 | INFO | DefaultCamelContext.java 3588 | Apache Camel 2.20.1 (CamelContext: camel-1) uptime 5.356 seconds
2019-05-28 10:52:51,930 | INFO | DefaultCamelContext.java 3589 | Apache Camel 2.20.1 (CamelContext: camel-1) is shutdown in 0.015 seconds
2019-05-28 10:53:02,133 | INFO | DefaultCamelContext.java 3146 | Apache Camel 2.20.1 (CamelContext: camel-1) is starting
2019-05-28 10:53:02,136 | INFO | ManagedManagementStrategy.java 205 | JMX is enabled
2019-05-28 10:53:02,252 | INFO | DefaultTypeConverter.java 66 | Type converters loaded (core: 192, classpath: 0)
2019-05-28 10:53:02,324 | INFO | DefaultCamelContext.java 3466 | StreamCaching is not in use. If using streams then its recommended to enable stream caching. See more details at http://camel.apache.org/stream-caching.html
2019-05-28 10:53:02,418 | INFO | DefaultCamelContext.java 4026 | Route: route1 started and consuming from: direct://xmlInput
2019-05-28 10:53:02,419 | INFO | DefaultCamelContext.java 3195 | Total 1 routes, of which 1 are started
2019-05-28 10:53:02,420 | INFO | DefaultCamelContext.java 3207 | Apache Camel 2.20.1 (CamelContext: camel-1) started in 0.288 seconds
2019-05-28 10:53:02,436 | ERROR | CamelLogger.java 204 | Failed delivery for (MessageId: ID-DProkopiuk-W10-1559029981974-0-2 on ExchangeId: ID-DProkopiuk-W10-1559029981974-0-1). Exhausted after delivery attempt: 1 caught: org.apache.camel.InvalidPayloadException: No body available of type: java.io.InputStream but has value: [Ljava.lang.String;@28d18df5 of type: java.lang.String[] on: Message[]. Caused by: No type converter available to convert from type: java.lang.String[] to the required type: java.io.InputStream with value [Ljava.lang.String;@28d18df5. Exchange[ID-DProkopiuk-W10-1559029981974-0-1]. Caused by: [org.apache.camel.NoTypeConversionAvailableException - No type converter available to convert from type: java.lang.String[] to the required type: java.io.InputStream with value [Ljava.lang.String;@28d18df5]

Message History
---------------------------------------------------------------------------------------------------------------------------------------
RouteId              ProcessorId          Processor                                                                        Elapsed (ms)
[route1            ] [route1            ] [direct://xmlInput                                                             ] [         7]
[route1            ] [unmarshal1        ] [unmarshal[org.apache.camel.model.dataformat.XStreamDataFormat@3eb81efb]       ] [         5]

Stacktrace
---------------------------------------------------------------------------------------------------------------------------------------
org.apache.camel.InvalidPayloadException: No body available of type: java.io.InputStream but has value: [Ljava.lang.String;@28d18df5 of type: java.lang.String[] on: Message[]. Caused by: No type converter available to convert from type: java.lang.String[] to the required type: java.io.InputStream with value [Ljava.lang.String;@28d18df5. Exchange[ID-DProkopiuk-W10-1559029981974-0-1]. Caused by: [org.apache.camel.NoTypeConversionAvailableException - No type converter available to convert from type: java.lang.String[] to the required type: java.io.InputStream with value [Ljava.lang.String;@28d18df5]
	at org.apache.camel.impl.MessageSupport.getMandatoryBody(MessageSupport.java:117)
	at org.apache.camel.processor.UnmarshalProcessor.process(UnmarshalProcessor.java:63)
	at org.apache.camel.processor.RedeliveryErrorHandler.process(RedeliveryErrorHandler.java:548)
	at org.apache.camel.processor.CamelInternalProcessor.process(CamelInternalProcessor.java:201)
	at org.apache.camel.processor.Pipeline.process(Pipeline.java:138)
	at org.apache.camel.processor.Pipeline.process(Pipeline.java:101)
	at org.apache.camel.processor.CamelInternalProcessor.process(CamelInternalProcessor.java:201)
	at org.apache.camel.component.direct.DirectProducer.process(DirectProducer.java:62)
	at org.apache.camel.processor.SharedCamelInternalProcessor.process(SharedCamelInternalProcessor.java:186)
	at org.apache.camel.processor.SharedCamelInternalProcessor.process(SharedCamelInternalProcessor.java:86)
	at org.apache.camel.impl.ProducerCache$1.doInProducer(ProducerCache.java:541)
	at org.apache.camel.impl.ProducerCache$1.doInProducer(ProducerCache.java:506)
	at org.apache.camel.impl.ProducerCache.doInProducer(ProducerCache.java:369)
	at org.apache.camel.impl.ProducerCache.sendExchange(ProducerCache.java:506)
	at org.apache.camel.impl.ProducerCache.send(ProducerCache.java:229)
	at org.apache.camel.impl.DefaultProducerTemplate.send(DefaultProducerTemplate.java:144)
	at org.apache.camel.impl.DefaultProducerTemplate.sendBody(DefaultProducerTemplate.java:161)
	at org.apache.camel.impl.DefaultProducerTemplate.sendBody(DefaultProducerTemplate.java:168)
	at app04.xstream.xml.unmarshalling.UnmarshalXmlMain.main(UnmarshalXmlMain.java:26)
Caused by: org.apache.camel.NoTypeConversionAvailableException: No type converter available to convert from type: java.lang.String[] to the required type: java.io.InputStream with value [Ljava.lang.String;@28d18df5
	at org.apache.camel.impl.converter.BaseTypeConverterRegistry.mandatoryConvertTo(BaseTypeConverterRegistry.java:206)
	at org.apache.camel.impl.MessageSupport.getMandatoryBody(MessageSupport.java:115)
	... 18 more
2019-05-28 10:54:00,677 | INFO | DefaultCamelContext.java 3146 | Apache Camel 2.20.1 (CamelContext: camel-1) is starting
2019-05-28 10:54:00,679 | INFO | ManagedManagementStrategy.java 205 | JMX is enabled
2019-05-28 10:54:00,794 | INFO | DefaultTypeConverter.java 66 | Type converters loaded (core: 192, classpath: 0)
2019-05-28 10:54:00,867 | INFO | DefaultCamelContext.java 3466 | StreamCaching is not in use. If using streams then its recommended to enable stream caching. See more details at http://camel.apache.org/stream-caching.html
2019-05-28 10:54:00,958 | INFO | DefaultCamelContext.java 4026 | Route: route1 started and consuming from: direct://xmlInput
2019-05-28 10:54:00,959 | INFO | DefaultCamelContext.java 3195 | Total 1 routes, of which 1 are started
2019-05-28 10:54:00,960 | INFO | DefaultCamelContext.java 3207 | Apache Camel 2.20.1 (CamelContext: camel-1) started in 0.284 seconds
2019-05-28 10:54:00,975 | ERROR | CamelLogger.java 204 | Failed delivery for (MessageId: ID-DProkopiuk-W10-1559030040519-0-2 on ExchangeId: ID-DProkopiuk-W10-1559030040519-0-1). Exhausted after delivery attempt: 1 caught: org.apache.camel.InvalidPayloadException: No body available of type: java.io.InputStream but has value: [Ljava.lang.String;@e3b3b2f of type: java.lang.String[] on: Message[]. Caused by: No type converter available to convert from type: java.lang.String[] to the required type: java.io.InputStream with value [Ljava.lang.String;@e3b3b2f. Exchange[ID-DProkopiuk-W10-1559030040519-0-1]. Caused by: [org.apache.camel.NoTypeConversionAvailableException - No type converter available to convert from type: java.lang.String[] to the required type: java.io.InputStream with value [Ljava.lang.String;@e3b3b2f]

Message History
---------------------------------------------------------------------------------------------------------------------------------------
RouteId              ProcessorId          Processor                                                                        Elapsed (ms)
[route1            ] [route1            ] [direct://xmlInput                                                             ] [         7]
[route1            ] [unmarshal1        ] [unmarshal[org.apache.camel.model.dataformat.XStreamDataFormat@45efd90f]       ] [         5]

Stacktrace
---------------------------------------------------------------------------------------------------------------------------------------
org.apache.camel.InvalidPayloadException: No body available of type: java.io.InputStream but has value: [Ljava.lang.String;@e3b3b2f of type: java.lang.String[] on: Message[]. Caused by: No type converter available to convert from type: java.lang.String[] to the required type: java.io.InputStream with value [Ljava.lang.String;@e3b3b2f. Exchange[ID-DProkopiuk-W10-1559030040519-0-1]. Caused by: [org.apache.camel.NoTypeConversionAvailableException - No type converter available to convert from type: java.lang.String[] to the required type: java.io.InputStream with value [Ljava.lang.String;@e3b3b2f]
	at org.apache.camel.impl.MessageSupport.getMandatoryBody(MessageSupport.java:117)
	at org.apache.camel.processor.UnmarshalProcessor.process(UnmarshalProcessor.java:63)
	at org.apache.camel.processor.RedeliveryErrorHandler.process(RedeliveryErrorHandler.java:548)
	at org.apache.camel.processor.CamelInternalProcessor.process(CamelInternalProcessor.java:201)
	at org.apache.camel.processor.Pipeline.process(Pipeline.java:138)
	at org.apache.camel.processor.Pipeline.process(Pipeline.java:101)
	at org.apache.camel.processor.CamelInternalProcessor.process(CamelInternalProcessor.java:201)
	at org.apache.camel.component.direct.DirectProducer.process(DirectProducer.java:62)
	at org.apache.camel.processor.SharedCamelInternalProcessor.process(SharedCamelInternalProcessor.java:186)
	at org.apache.camel.processor.SharedCamelInternalProcessor.process(SharedCamelInternalProcessor.java:86)
	at org.apache.camel.impl.ProducerCache$1.doInProducer(ProducerCache.java:541)
	at org.apache.camel.impl.ProducerCache$1.doInProducer(ProducerCache.java:506)
	at org.apache.camel.impl.ProducerCache.doInProducer(ProducerCache.java:369)
	at org.apache.camel.impl.ProducerCache.sendExchange(ProducerCache.java:506)
	at org.apache.camel.impl.ProducerCache.send(ProducerCache.java:229)
	at org.apache.camel.impl.DefaultProducerTemplate.send(DefaultProducerTemplate.java:144)
	at org.apache.camel.impl.DefaultProducerTemplate.sendBody(DefaultProducerTemplate.java:161)
	at org.apache.camel.impl.DefaultProducerTemplate.sendBody(DefaultProducerTemplate.java:168)
	at app04.xstream.xml.unmarshalling.UnmarshalXmlMain.main(UnmarshalXmlMain.java:26)
Caused by: org.apache.camel.NoTypeConversionAvailableException: No type converter available to convert from type: java.lang.String[] to the required type: java.io.InputStream with value [Ljava.lang.String;@e3b3b2f
	at org.apache.camel.impl.converter.BaseTypeConverterRegistry.mandatoryConvertTo(BaseTypeConverterRegistry.java:206)
	at org.apache.camel.impl.MessageSupport.getMandatoryBody(MessageSupport.java:115)
	... 18 more
2019-05-28 10:54:39,030 | INFO | DefaultCamelContext.java 3146 | Apache Camel 2.20.1 (CamelContext: camel-1) is starting
2019-05-28 10:54:39,032 | INFO | ManagedManagementStrategy.java 205 | JMX is enabled
2019-05-28 10:54:39,147 | INFO | DefaultTypeConverter.java 66 | Type converters loaded (core: 192, classpath: 0)
2019-05-28 10:54:39,217 | INFO | DefaultCamelContext.java 3466 | StreamCaching is not in use. If using streams then its recommended to enable stream caching. See more details at http://camel.apache.org/stream-caching.html
2019-05-28 10:54:39,320 | INFO | DefaultCamelContext.java 4026 | Route: route1 started and consuming from: direct://xmlInput
2019-05-28 10:54:39,320 | INFO | DefaultCamelContext.java 3195 | Total 1 routes, of which 1 are started
2019-05-28 10:54:39,321 | INFO | DefaultCamelContext.java 3207 | Apache Camel 2.20.1 (CamelContext: camel-1) started in 0.293 seconds
2019-05-28 10:54:39,343 | ERROR | CamelLogger.java 204 | Failed delivery for (MessageId: ID-DProkopiuk-W10-1559030078853-0-2 on ExchangeId: ID-DProkopiuk-W10-1559030078853-0-1). Exhausted after delivery attempt: 1 caught: org.apache.camel.InvalidPayloadException: No body available of type: java.io.InputStream but has value: [Ljava.lang.String;@7d3d101b of type: java.lang.String[] on: Message[]. Caused by: No type converter available to convert from type: java.lang.String[] to the required type: java.io.InputStream with value [Ljava.lang.String;@7d3d101b. Exchange[ID-DProkopiuk-W10-1559030078853-0-1]. Caused by: [org.apache.camel.NoTypeConversionAvailableException - No type converter available to convert from type: java.lang.String[] to the required type: java.io.InputStream with value [Ljava.lang.String;@7d3d101b]

Message History
---------------------------------------------------------------------------------------------------------------------------------------
RouteId              ProcessorId          Processor                                                                        Elapsed (ms)
[route1            ] [route1            ] [direct://xmlInput                                                             ] [         6]
[route1            ] [unmarshal1        ] [unmarshal[org.apache.camel.model.dataformat.XStreamDataFormat@df6620a]        ] [         5]

Stacktrace
---------------------------------------------------------------------------------------------------------------------------------------
org.apache.camel.InvalidPayloadException: No body available of type: java.io.InputStream but has value: [Ljava.lang.String;@7d3d101b of type: java.lang.String[] on: Message[]. Caused by: No type converter available to convert from type: java.lang.String[] to the required type: java.io.InputStream with value [Ljava.lang.String;@7d3d101b. Exchange[ID-DProkopiuk-W10-1559030078853-0-1]. Caused by: [org.apache.camel.NoTypeConversionAvailableException - No type converter available to convert from type: java.lang.String[] to the required type: java.io.InputStream with value [Ljava.lang.String;@7d3d101b]
	at org.apache.camel.impl.MessageSupport.getMandatoryBody(MessageSupport.java:117)
	at org.apache.camel.processor.UnmarshalProcessor.process(UnmarshalProcessor.java:63)
	at org.apache.camel.processor.RedeliveryErrorHandler.process(RedeliveryErrorHandler.java:548)
	at org.apache.camel.processor.CamelInternalProcessor.process(CamelInternalProcessor.java:201)
	at org.apache.camel.processor.Pipeline.process(Pipeline.java:138)
	at org.apache.camel.processor.Pipeline.process(Pipeline.java:101)
	at org.apache.camel.processor.CamelInternalProcessor.process(CamelInternalProcessor.java:201)
	at org.apache.camel.component.direct.DirectProducer.process(DirectProducer.java:62)
	at org.apache.camel.processor.SharedCamelInternalProcessor.process(SharedCamelInternalProcessor.java:186)
	at org.apache.camel.processor.SharedCamelInternalProcessor.process(SharedCamelInternalProcessor.java:86)
	at org.apache.camel.impl.ProducerCache$1.doInProducer(ProducerCache.java:541)
	at org.apache.camel.impl.ProducerCache$1.doInProducer(ProducerCache.java:506)
	at org.apache.camel.impl.ProducerCache.doInProducer(ProducerCache.java:369)
	at org.apache.camel.impl.ProducerCache.sendExchange(ProducerCache.java:506)
	at org.apache.camel.impl.ProducerCache.send(ProducerCache.java:229)
	at org.apache.camel.impl.DefaultProducerTemplate.send(DefaultProducerTemplate.java:144)
	at org.apache.camel.impl.DefaultProducerTemplate.sendBody(DefaultProducerTemplate.java:161)
	at org.apache.camel.impl.DefaultProducerTemplate.sendBody(DefaultProducerTemplate.java:168)
	at app04.xstream.xml.unmarshalling.UnmarshalXmlMain.main(UnmarshalXmlMain.java:26)
Caused by: org.apache.camel.NoTypeConversionAvailableException: No type converter available to convert from type: java.lang.String[] to the required type: java.io.InputStream with value [Ljava.lang.String;@7d3d101b
	at org.apache.camel.impl.converter.BaseTypeConverterRegistry.mandatoryConvertTo(BaseTypeConverterRegistry.java:206)
	at org.apache.camel.impl.MessageSupport.getMandatoryBody(MessageSupport.java:115)
	... 18 more
2019-05-28 10:55:20,749 | INFO | DefaultCamelContext.java 3146 | Apache Camel 2.20.1 (CamelContext: camel-1) is starting
2019-05-28 10:55:20,751 | INFO | ManagedManagementStrategy.java 205 | JMX is enabled
2019-05-28 10:55:20,864 | INFO | DefaultTypeConverter.java 66 | Type converters loaded (core: 192, classpath: 0)
2019-05-28 10:55:20,926 | INFO | DefaultCamelContext.java 3466 | StreamCaching is not in use. If using streams then its recommended to enable stream caching. See more details at http://camel.apache.org/stream-caching.html
2019-05-28 10:55:21,016 | INFO | DefaultCamelContext.java 4026 | Route: route1 started and consuming from: direct://xmlInput
2019-05-28 10:55:21,016 | INFO | DefaultCamelContext.java 3195 | Total 1 routes, of which 1 are started
2019-05-28 10:55:21,018 | INFO | DefaultCamelContext.java 3207 | Apache Camel 2.20.1 (CamelContext: camel-1) started in 0.269 seconds
2019-05-28 10:55:21,033 | ERROR | CamelLogger.java 204 | Failed delivery for (MessageId: ID-DProkopiuk-W10-1559030120593-0-2 on ExchangeId: ID-DProkopiuk-W10-1559030120593-0-1). Exhausted after delivery attempt: 1 caught: org.apache.camel.InvalidPayloadException: No body available of type: java.io.InputStream but has value: [Ljava.lang.String;@589da3f3 of type: java.lang.String[] on: Message[]. Caused by: No type converter available to convert from type: java.lang.String[] to the required type: java.io.InputStream with value [Ljava.lang.String;@589da3f3. Exchange[ID-DProkopiuk-W10-1559030120593-0-1]. Caused by: [org.apache.camel.NoTypeConversionAvailableException - No type converter available to convert from type: java.lang.String[] to the required type: java.io.InputStream with value [Ljava.lang.String;@589da3f3]

Message History
---------------------------------------------------------------------------------------------------------------------------------------
RouteId              ProcessorId          Processor                                                                        Elapsed (ms)
[route1            ] [route1            ] [direct://xmlInput                                                             ] [         7]
[route1            ] [unmarshal1        ] [unmarshal[org.apache.camel.model.dataformat.XStreamDataFormat@e3c0e40]        ] [         5]

Stacktrace
---------------------------------------------------------------------------------------------------------------------------------------
org.apache.camel.InvalidPayloadException: No body available of type: java.io.InputStream but has value: [Ljava.lang.String;@589da3f3 of type: java.lang.String[] on: Message[]. Caused by: No type converter available to convert from type: java.lang.String[] to the required type: java.io.InputStream with value [Ljava.lang.String;@589da3f3. Exchange[ID-DProkopiuk-W10-1559030120593-0-1]. Caused by: [org.apache.camel.NoTypeConversionAvailableException - No type converter available to convert from type: java.lang.String[] to the required type: java.io.InputStream with value [Ljava.lang.String;@589da3f3]
	at org.apache.camel.impl.MessageSupport.getMandatoryBody(MessageSupport.java:117)
	at org.apache.camel.processor.UnmarshalProcessor.process(UnmarshalProcessor.java:63)
	at org.apache.camel.processor.RedeliveryErrorHandler.process(RedeliveryErrorHandler.java:548)
	at org.apache.camel.processor.CamelInternalProcessor.process(CamelInternalProcessor.java:201)
	at org.apache.camel.processor.CamelInternalProcessor.process(CamelInternalProcessor.java:201)
	at org.apache.camel.component.direct.DirectProducer.process(DirectProducer.java:62)
	at org.apache.camel.processor.SharedCamelInternalProcessor.process(SharedCamelInternalProcessor.java:186)
	at org.apache.camel.processor.SharedCamelInternalProcessor.process(SharedCamelInternalProcessor.java:86)
	at org.apache.camel.impl.ProducerCache$1.doInProducer(ProducerCache.java:541)
	at org.apache.camel.impl.ProducerCache$1.doInProducer(ProducerCache.java:506)
	at org.apache.camel.impl.ProducerCache.doInProducer(ProducerCache.java:369)
	at org.apache.camel.impl.ProducerCache.sendExchange(ProducerCache.java:506)
	at org.apache.camel.impl.ProducerCache.send(ProducerCache.java:229)
	at org.apache.camel.impl.DefaultProducerTemplate.send(DefaultProducerTemplate.java:144)
	at org.apache.camel.impl.DefaultProducerTemplate.sendBody(DefaultProducerTemplate.java:161)
	at org.apache.camel.impl.DefaultProducerTemplate.sendBody(DefaultProducerTemplate.java:168)
	at app04.xstream.xml.unmarshalling.UnmarshalXmlMain.main(UnmarshalXmlMain.java:26)
Caused by: org.apache.camel.NoTypeConversionAvailableException: No type converter available to convert from type: java.lang.String[] to the required type: java.io.InputStream with value [Ljava.lang.String;@589da3f3
	at org.apache.camel.impl.converter.BaseTypeConverterRegistry.mandatoryConvertTo(BaseTypeConverterRegistry.java:206)
	at org.apache.camel.impl.MessageSupport.getMandatoryBody(MessageSupport.java:115)
	... 16 more
2019-05-28 10:55:31,205 | INFO | DefaultCamelContext.java 3146 | Apache Camel 2.20.1 (CamelContext: camel-1) is starting
2019-05-28 10:55:31,207 | INFO | ManagedManagementStrategy.java 205 | JMX is enabled
2019-05-28 10:55:31,319 | INFO | DefaultTypeConverter.java 66 | Type converters loaded (core: 192, classpath: 0)
2019-05-28 10:55:31,370 | INFO | DefaultCamelContext.java 3466 | StreamCaching is not in use. If using streams then its recommended to enable stream caching. See more details at http://camel.apache.org/stream-caching.html
2019-05-28 10:55:31,471 | INFO | DefaultCamelContext.java 4026 | Route: route1 started and consuming from: direct://xmlInput
2019-05-28 10:55:31,472 | INFO | DefaultCamelContext.java 3195 | Total 1 routes, of which 1 are started
2019-05-28 10:55:31,473 | INFO | DefaultCamelContext.java 3207 | Apache Camel 2.20.1 (CamelContext: camel-1) started in 0.270 seconds
2019-05-28 10:55:36,519 | INFO | DefaultCamelContext.java 3497 | Apache Camel 2.20.1 (CamelContext: camel-1) is shutting down
2019-05-28 10:55:36,519 | INFO | DefaultShutdownStrategy.java 195 | Starting to graceful shutdown 1 routes (timeout 300 seconds)
2019-05-28 10:55:36,531 | INFO | DefaultShutdownStrategy.java 671 | Route: route1 shutdown complete, was consuming from: direct://xmlInput
2019-05-28 10:55:36,531 | INFO | DefaultShutdownStrategy.java 260 | Graceful shutdown of 1 routes completed in 0 seconds
2019-05-28 10:55:36,546 | INFO | DefaultCamelContext.java 3588 | Apache Camel 2.20.1 (CamelContext: camel-1) uptime 5.343 seconds
2019-05-28 10:55:36,546 | INFO | DefaultCamelContext.java 3589 | Apache Camel 2.20.1 (CamelContext: camel-1) is shutdown in 0.027 seconds
2019-05-28 10:55:41,354 | INFO | DefaultCamelContext.java 3146 | Apache Camel 2.20.1 (CamelContext: camel-1) is starting
2019-05-28 10:55:41,357 | INFO | ManagedManagementStrategy.java 205 | JMX is enabled
2019-05-28 10:55:41,472 | INFO | DefaultTypeConverter.java 66 | Type converters loaded (core: 192, classpath: 0)
2019-05-28 10:55:41,542 | INFO | DefaultCamelContext.java 3466 | StreamCaching is not in use. If using streams then its recommended to enable stream caching. See more details at http://camel.apache.org/stream-caching.html
2019-05-28 10:55:41,655 | INFO | DefaultCamelContext.java 4026 | Route: route1 started and consuming from: direct://xmlInput
2019-05-28 10:55:41,655 | INFO | DefaultCamelContext.java 3195 | Total 1 routes, of which 1 are started
2019-05-28 10:55:41,657 | INFO | DefaultCamelContext.java 3207 | Apache Camel 2.20.1 (CamelContext: camel-1) started in 0.303 seconds
2019-05-28 10:55:41,706 | INFO | CamelLogger.java 159 | Exchange[ExchangePattern: InOnly, BodyType: app04.xstream.xml.marshalling.Employee, Body: Employee{id=b, name=a, joinDate=c}]
2019-05-28 10:55:46,706 | INFO | DefaultCamelContext.java 3497 | Apache Camel 2.20.1 (CamelContext: camel-1) is shutting down
2019-05-28 10:55:46,706 | INFO | DefaultShutdownStrategy.java 195 | Starting to graceful shutdown 1 routes (timeout 300 seconds)
2019-05-28 10:55:46,709 | INFO | DefaultShutdownStrategy.java 671 | Route: route1 shutdown complete, was consuming from: direct://xmlInput
2019-05-28 10:55:46,710 | INFO | DefaultShutdownStrategy.java 260 | Graceful shutdown of 1 routes completed in 0 seconds
2019-05-28 10:55:46,719 | INFO | DefaultCamelContext.java 3588 | Apache Camel 2.20.1 (CamelContext: camel-1) uptime 5.367 seconds
2019-05-28 10:55:46,719 | INFO | DefaultCamelContext.java 3589 | Apache Camel 2.20.1 (CamelContext: camel-1) is shutdown in 0.013 seconds
2019-05-28 11:08:09,089 | INFO | DefaultCamelContext.java 3146 | Apache Camel 2.20.1 (CamelContext: camel-1) is starting
2019-05-28 11:08:09,092 | INFO | ManagedManagementStrategy.java 205 | JMX is enabled
2019-05-28 11:08:09,211 | INFO | DefaultTypeConverter.java 66 | Type converters loaded (core: 192, classpath: 1)
2019-05-28 11:08:09,282 | INFO | DefaultCamelContext.java 3466 | StreamCaching is not in use. If using streams then its recommended to enable stream caching. See more details at http://camel.apache.org/stream-caching.html
2019-05-28 11:08:09,320 | INFO | DefaultCamelContext.java 4026 | Route: route1 started and consuming from: direct://marshalEmployeexml2json
2019-05-28 11:08:09,320 | INFO | DefaultCamelContext.java 3195 | Total 1 routes, of which 1 are started
2019-05-28 11:08:09,322 | INFO | DefaultCamelContext.java 3207 | Apache Camel 2.20.1 (CamelContext: camel-1) started in 0.233 seconds
2019-05-28 11:08:09,333 | INFO | CamelLogger.java 159 | Exchange[ExchangePattern: InOnly, BodyType: String, Body: <?xml version='1.0' encoding='UTF-8'?><employee><id>b</id><name>a</name><joinDate>c</joinDate></employee>]
2019-05-28 11:08:09,377 | INFO | XMLSerializer.java 736 | Using default type string
2019-05-28 11:08:09,413 | INFO | CamelLogger.java 159 | Exchange[ExchangePattern: InOnly, BodyType: byte[], Body: {"id":"b","name":"a","joinDate":"c"}]
2019-05-28 11:08:14,413 | INFO | DefaultCamelContext.java 3497 | Apache Camel 2.20.1 (CamelContext: camel-1) is shutting down
2019-05-28 11:08:14,414 | INFO | DefaultShutdownStrategy.java 195 | Starting to graceful shutdown 1 routes (timeout 300 seconds)
2019-05-28 11:08:14,419 | INFO | DefaultShutdownStrategy.java 671 | Route: route1 shutdown complete, was consuming from: direct://marshalEmployeexml2json
2019-05-28 11:08:14,419 | INFO | DefaultShutdownStrategy.java 260 | Graceful shutdown of 1 routes completed in 0 seconds
2019-05-28 11:08:14,431 | INFO | DefaultCamelContext.java 3588 | Apache Camel 2.20.1 (CamelContext: camel-1) uptime 5.344 seconds
2019-05-28 11:08:14,431 | INFO | DefaultCamelContext.java 3589 | Apache Camel 2.20.1 (CamelContext: camel-1) is shutdown in 0.018 seconds
2019-05-28 11:09:49,437 | INFO | DefaultCamelContext.java 3146 | Apache Camel 2.20.1 (CamelContext: camel-1) is starting
2019-05-28 11:09:49,439 | INFO | ManagedManagementStrategy.java 205 | JMX is enabled
2019-05-28 11:09:49,556 | INFO | DefaultTypeConverter.java 66 | Type converters loaded (core: 192, classpath: 1)
2019-05-28 11:09:49,629 | INFO | DefaultCamelContext.java 3466 | StreamCaching is not in use. If using streams then its recommended to enable stream caching. See more details at http://camel.apache.org/stream-caching.html
2019-05-28 11:09:49,669 | INFO | DefaultCamelContext.java 4026 | Route: route1 started and consuming from: direct://marshalEmployeexml2json
2019-05-28 11:09:49,670 | INFO | DefaultCamelContext.java 4026 | Route: route2 started and consuming from: direct://unmarshalEmployeexml2json
2019-05-28 11:09:49,670 | INFO | DefaultCamelContext.java 3195 | Total 2 routes, of which 2 are started
2019-05-28 11:09:49,672 | INFO | DefaultCamelContext.java 3207 | Apache Camel 2.20.1 (CamelContext: camel-1) started in 0.236 seconds
2019-05-28 11:09:49,682 | INFO | CamelLogger.java 159 | Exchange[ExchangePattern: InOnly, BodyType: String, Body: <?xml version='1.0' encoding='UTF-8'?><employee><id>b</id><name>a</name><joinDate>c</joinDate></employee>]
2019-05-28 11:09:49,733 | INFO | XMLSerializer.java 736 | Using default type string
2019-05-28 11:09:49,760 | INFO | CamelLogger.java 159 | Exchange[ExchangePattern: InOnly, BodyType: byte[], Body: {"id":"b","name":"a","joinDate":"c"}]
2019-05-28 11:09:54,759 | INFO | DefaultCamelContext.java 3497 | Apache Camel 2.20.1 (CamelContext: camel-1) is shutting down
2019-05-28 11:09:54,760 | INFO | DefaultShutdownStrategy.java 195 | Starting to graceful shutdown 2 routes (timeout 300 seconds)
2019-05-28 11:09:54,763 | INFO | DefaultShutdownStrategy.java 671 | Route: route2 shutdown complete, was consuming from: direct://unmarshalEmployeexml2json
2019-05-28 11:09:54,763 | INFO | DefaultShutdownStrategy.java 671 | Route: route1 shutdown complete, was consuming from: direct://marshalEmployeexml2json
2019-05-28 11:09:54,764 | INFO | DefaultShutdownStrategy.java 260 | Graceful shutdown of 2 routes completed in 0 seconds
2019-05-28 11:09:54,777 | INFO | DefaultCamelContext.java 3588 | Apache Camel 2.20.1 (CamelContext: camel-1) uptime 5.343 seconds
2019-05-28 11:09:54,777 | INFO | DefaultCamelContext.java 3589 | Apache Camel 2.20.1 (CamelContext: camel-1) is shutdown in 0.018 seconds
2019-05-28 11:11:17,635 | INFO | DefaultCamelContext.java 3146 | Apache Camel 2.20.1 (CamelContext: camel-1) is starting
2019-05-28 11:11:17,637 | INFO | ManagedManagementStrategy.java 205 | JMX is enabled
2019-05-28 11:11:17,753 | INFO | DefaultTypeConverter.java 66 | Type converters loaded (core: 192, classpath: 1)
2019-05-28 11:11:17,827 | INFO | DefaultCamelContext.java 3466 | StreamCaching is not in use. If using streams then its recommended to enable stream caching. See more details at http://camel.apache.org/stream-caching.html
2019-05-28 11:11:17,870 | INFO | DefaultCamelContext.java 4026 | Route: route1 started and consuming from: direct://marshalEmployeexml2json
2019-05-28 11:11:17,871 | INFO | DefaultCamelContext.java 4026 | Route: route2 started and consuming from: direct://unmarshalEmployeexml2json
2019-05-28 11:11:17,871 | INFO | DefaultCamelContext.java 3195 | Total 2 routes, of which 2 are started
2019-05-28 11:11:17,873 | INFO | DefaultCamelContext.java 3207 | Apache Camel 2.20.1 (CamelContext: camel-1) started in 0.239 seconds
2019-05-28 11:11:17,883 | INFO | CamelLogger.java 159 | Exchange[ExchangePattern: InOnly, BodyType: String, Body: <?xml version='1.0' encoding='UTF-8'?><employee><id>b</id><name>a</name><joinDate>c</joinDate></employee>]
2019-05-28 11:11:17,935 | INFO | XMLSerializer.java 736 | Using default type string
2019-05-28 11:11:17,961 | INFO | CamelLogger.java 159 | Exchange[ExchangePattern: InOnly, BodyType: byte[], Body: {"id":"b","name":"a","joinDate":"c"}]
2019-05-28 11:11:17,967 | INFO | CamelLogger.java 159 | Exchange[ExchangePattern: InOnly, BodyType: String, Body: <?xml version="1.0" encoding="UTF-8"?><o><id>b</id><joinDate>c</joinDate><name>a</name></o>]
2019-05-28 11:11:22,968 | INFO | DefaultCamelContext.java 3497 | Apache Camel 2.20.1 (CamelContext: camel-1) is shutting down
2019-05-28 11:11:22,968 | INFO | DefaultShutdownStrategy.java 195 | Starting to graceful shutdown 2 routes (timeout 300 seconds)
2019-05-28 11:11:22,971 | INFO | DefaultShutdownStrategy.java 671 | Route: route2 shutdown complete, was consuming from: direct://unmarshalEmployeexml2json
2019-05-28 11:11:22,972 | INFO | DefaultShutdownStrategy.java 671 | Route: route1 shutdown complete, was consuming from: direct://marshalEmployeexml2json
2019-05-28 11:11:22,972 | INFO | DefaultShutdownStrategy.java 260 | Graceful shutdown of 2 routes completed in 0 seconds
2019-05-28 11:11:22,984 | INFO | DefaultCamelContext.java 3588 | Apache Camel 2.20.1 (CamelContext: camel-1) uptime 5.352 seconds
2019-05-28 11:11:22,984 | INFO | DefaultCamelContext.java 3589 | Apache Camel 2.20.1 (CamelContext: camel-1) is shutdown in 0.016 seconds
2019-05-28 11:13:25,936 | INFO | DefaultCamelContext.java 3146 | Apache Camel 2.20.1 (CamelContext: camel-1) is starting
2019-05-28 11:13:25,938 | INFO | ManagedManagementStrategy.java 205 | JMX is enabled
2019-05-28 11:13:26,057 | INFO | DefaultTypeConverter.java 66 | Type converters loaded (core: 192, classpath: 1)
2019-05-28 11:13:26,130 | INFO | DefaultCamelContext.java 3466 | StreamCaching is not in use. If using streams then its recommended to enable stream caching. See more details at http://camel.apache.org/stream-caching.html
2019-05-28 11:13:26,172 | INFO | DefaultCamelContext.java 4026 | Route: route1 started and consuming from: direct://marshalEmployeexml2json
2019-05-28 11:13:26,173 | INFO | DefaultCamelContext.java 4026 | Route: route2 started and consuming from: direct://unmarshalEmployeexml2json
2019-05-28 11:13:26,173 | INFO | DefaultCamelContext.java 3195 | Total 2 routes, of which 2 are started
2019-05-28 11:13:26,175 | INFO | DefaultCamelContext.java 3207 | Apache Camel 2.20.1 (CamelContext: camel-1) started in 0.239 seconds
2019-05-28 11:13:26,185 | INFO | CamelLogger.java 159 | Exchange[ExchangePattern: InOnly, BodyType: String, Body: <?xml version='1.0' encoding='UTF-8'?><employee><id>b</id><name>a</name><joinDate>c</joinDate></employee>]
2019-05-28 11:13:26,238 | INFO | XMLSerializer.java 736 | Using default type string
2019-05-28 11:13:26,264 | INFO | CamelLogger.java 159 | Exchange[ExchangePattern: InOnly, BodyType: byte[], Body: {"id":"b","name":"a","joinDate":"c"}]
2019-05-28 11:13:26,270 | INFO | CamelLogger.java 159 | Exchange[ExchangePattern: InOnly, BodyType: String, Body: <?xml version="1.0" encoding="UTF-8"?><o><id>b</id><joinDate>c</joinDate><name>a</name></o>]
2019-05-28 11:13:34,260 | INFO | DefaultCamelContext.java 3146 | Apache Camel 2.20.1 (CamelContext: camel-1) is starting
2019-05-28 11:13:34,262 | INFO | ManagedManagementStrategy.java 205 | JMX is enabled
2019-05-28 11:13:34,389 | INFO | DefaultTypeConverter.java 66 | Type converters loaded (core: 192, classpath: 1)
2019-05-28 11:13:34,466 | INFO | DefaultCamelContext.java 3466 | StreamCaching is not in use. If using streams then its recommended to enable stream caching. See more details at http://camel.apache.org/stream-caching.html
2019-05-28 11:13:34,509 | INFO | DefaultCamelContext.java 4026 | Route: route1 started and consuming from: direct://marshalEmployeexml2json
2019-05-28 11:13:34,509 | INFO | DefaultCamelContext.java 4026 | Route: route2 started and consuming from: direct://unmarshalEmployeexml2json
2019-05-28 11:13:34,510 | INFO | DefaultCamelContext.java 3195 | Total 2 routes, of which 2 are started
2019-05-28 11:13:34,512 | INFO | DefaultCamelContext.java 3207 | Apache Camel 2.20.1 (CamelContext: camel-1) started in 0.252 seconds
2019-05-28 11:13:34,522 | INFO | CamelLogger.java 159 | Exchange[ExchangePattern: InOnly, BodyType: String, Body: <?xml version='1.0' encoding='UTF-8'?><employee><id>b</id><name>a</name><joinDate>c</joinDate></employee>]
2019-05-28 11:13:34,581 | INFO | XMLSerializer.java 736 | Using default type string
2019-05-28 11:13:34,613 | INFO | CamelLogger.java 159 | Exchange[ExchangePattern: InOnly, BodyType: byte[], Body: {"id":"b","name":"a","joinDate":"c"}]
2019-05-28 11:13:34,621 | INFO | CamelLogger.java 159 | Exchange[ExchangePattern: InOnly, BodyType: String, Body: <?xml version="1.0" encoding="UTF-8"?><o><id>b</id><joinDate>c</joinDate><name>a</name></o>]
2019-05-28 11:13:39,621 | INFO | DefaultCamelContext.java 3497 | Apache Camel 2.20.1 (CamelContext: camel-1) is shutting down
2019-05-28 11:13:39,622 | INFO | DefaultShutdownStrategy.java 195 | Starting to graceful shutdown 2 routes (timeout 300 seconds)
2019-05-28 11:13:39,624 | INFO | DefaultShutdownStrategy.java 671 | Route: route2 shutdown complete, was consuming from: direct://unmarshalEmployeexml2json
2019-05-28 11:13:39,625 | INFO | DefaultShutdownStrategy.java 671 | Route: route1 shutdown complete, was consuming from: direct://marshalEmployeexml2json
2019-05-28 11:13:39,625 | INFO | DefaultShutdownStrategy.java 260 | Graceful shutdown of 2 routes completed in 0 seconds
2019-05-28 11:13:39,637 | INFO | DefaultCamelContext.java 3588 | Apache Camel 2.20.1 (CamelContext: camel-1) uptime 5.379 seconds
2019-05-28 11:13:39,637 | INFO | DefaultCamelContext.java 3589 | Apache Camel 2.20.1 (CamelContext: camel-1) is shutdown in 0.016 seconds
2019-05-28 11:15:25,759 | INFO | DefaultCamelContext.java 3146 | Apache Camel 2.20.1 (CamelContext: camel-1) is starting
2019-05-28 11:15:25,761 | INFO | ManagedManagementStrategy.java 205 | JMX is enabled
2019-05-28 11:15:25,877 | INFO | DefaultTypeConverter.java 66 | Type converters loaded (core: 192, classpath: 1)
2019-05-28 11:15:25,948 | INFO | DefaultCamelContext.java 3466 | StreamCaching is not in use. If using streams then its recommended to enable stream caching. See more details at http://camel.apache.org/stream-caching.html
2019-05-28 11:15:25,990 | INFO | DefaultCamelContext.java 4026 | Route: route1 started and consuming from: direct://marshalEmployeexml2json
2019-05-28 11:15:25,991 | INFO | DefaultCamelContext.java 4026 | Route: route2 started and consuming from: direct://unmarshalEmployeexml2json
2019-05-28 11:15:25,991 | INFO | DefaultCamelContext.java 3195 | Total 2 routes, of which 2 are started
2019-05-28 11:15:25,993 | INFO | DefaultCamelContext.java 3207 | Apache Camel 2.20.1 (CamelContext: camel-1) started in 0.234 seconds
2019-05-28 11:15:26,003 | INFO | CamelLogger.java 159 | Exchange[ExchangePattern: InOnly, BodyType: String, Body: <?xml version='1.0' encoding='UTF-8'?><employee><id>b</id><name>a</name><joinDate>c</joinDate></employee>]
2019-05-28 11:15:26,054 | INFO | XMLSerializer.java 736 | Using default type string
2019-05-28 11:15:26,080 | INFO | CamelLogger.java 159 | Exchange[ExchangePattern: InOnly, BodyType: byte[], Body: {"id":"b","name":"a","joinDate":"c"}]
2019-05-28 11:15:26,086 | INFO | CamelLogger.java 159 | Exchange[ExchangePattern: InOnly, BodyType: String, Body: <?xml version="1.0" encoding="UTF-8"?><Employee><id>b</id><joinDate>c</joinDate><name>a</name></Employee>]
2019-05-28 11:15:31,085 | INFO | DefaultCamelContext.java 3497 | Apache Camel 2.20.1 (CamelContext: camel-1) is shutting down
2019-05-28 11:15:31,085 | INFO | DefaultShutdownStrategy.java 195 | Starting to graceful shutdown 2 routes (timeout 300 seconds)
2019-05-28 11:15:31,089 | INFO | DefaultShutdownStrategy.java 671 | Route: route2 shutdown complete, was consuming from: direct://unmarshalEmployeexml2json
2019-05-28 11:15:31,089 | INFO | DefaultShutdownStrategy.java 671 | Route: route1 shutdown complete, was consuming from: direct://marshalEmployeexml2json
2019-05-28 11:15:31,090 | INFO | DefaultShutdownStrategy.java 260 | Graceful shutdown of 2 routes completed in 0 seconds
2019-05-28 11:15:31,102 | INFO | DefaultCamelContext.java 3588 | Apache Camel 2.20.1 (CamelContext: camel-1) uptime 5.345 seconds
2019-05-28 11:15:31,102 | INFO | DefaultCamelContext.java 3589 | Apache Camel 2.20.1 (CamelContext: camel-1) is shutdown in 0.017 seconds
2019-05-28 11:35:15,802 | INFO | DefaultCamelContext.java 3146 | Apache Camel 2.20.1 (CamelContext: camel-1) is starting
2019-05-28 11:35:15,805 | INFO | ManagedManagementStrategy.java 205 | JMX is enabled
2019-05-28 11:35:15,922 | INFO | DefaultTypeConverter.java 66 | Type converters loaded (core: 192, classpath: 1)
2019-05-28 11:35:15,990 | INFO | DefaultCamelContext.java 3466 | StreamCaching is not in use. If using streams then its recommended to enable stream caching. See more details at http://camel.apache.org/stream-caching.html
2019-05-28 11:35:16,023 | INFO | DefaultCamelContext.java 4026 | Route: route1 started and consuming from: direct://marshalGSON
2019-05-28 11:35:16,023 | INFO | DefaultCamelContext.java 3195 | Total 1 routes, of which 1 are started
2019-05-28 11:35:16,025 | INFO | DefaultCamelContext.java 3207 | Apache Camel 2.20.1 (CamelContext: camel-1) started in 0.223 seconds
2019-05-28 11:35:42,510 | INFO | DefaultCamelContext.java 3146 | Apache Camel 2.20.1 (CamelContext: camel-1) is starting
2019-05-28 11:35:42,512 | INFO | ManagedManagementStrategy.java 205 | JMX is enabled
2019-05-28 11:35:42,629 | INFO | DefaultTypeConverter.java 66 | Type converters loaded (core: 192, classpath: 1)
2019-05-28 11:35:42,696 | INFO | DefaultCamelContext.java 3466 | StreamCaching is not in use. If using streams then its recommended to enable stream caching. See more details at http://camel.apache.org/stream-caching.html
2019-05-28 11:35:42,729 | INFO | DefaultCamelContext.java 4026 | Route: route1 started and consuming from: direct://marshalGSON
2019-05-28 11:35:42,729 | INFO | DefaultCamelContext.java 3195 | Total 1 routes, of which 1 are started
2019-05-28 11:35:42,731 | INFO | DefaultCamelContext.java 3207 | Apache Camel 2.20.1 (CamelContext: camel-1) started in 0.222 seconds
2019-05-28 11:35:42,746 | INFO | CamelLogger.java 159 | {"id":"1","name":"Name1","joinDate":"JoinDate1"}
2019-05-28 11:37:06,015 | INFO | DefaultCamelContext.java 3146 | Apache Camel 2.20.1 (CamelContext: camel-1) is starting
2019-05-28 11:37:06,017 | INFO | ManagedManagementStrategy.java 205 | JMX is enabled
2019-05-28 11:37:06,131 | INFO | DefaultTypeConverter.java 66 | Type converters loaded (core: 192, classpath: 1)
2019-05-28 11:37:06,200 | INFO | DefaultCamelContext.java 3466 | StreamCaching is not in use. If using streams then its recommended to enable stream caching. See more details at http://camel.apache.org/stream-caching.html
2019-05-28 11:37:06,237 | INFO | DefaultCamelContext.java 4026 | Route: route1 started and consuming from: direct://marshalGSON
2019-05-28 11:37:06,238 | INFO | DefaultCamelContext.java 4026 | Route: route2 started and consuming from: direct://unmarshalGSON
2019-05-28 11:37:06,238 | INFO | DefaultCamelContext.java 3195 | Total 2 routes, of which 2 are started
2019-05-28 11:37:06,240 | INFO | DefaultCamelContext.java 3207 | Apache Camel 2.20.1 (CamelContext: camel-1) started in 0.226 seconds
2019-05-28 11:37:06,255 | INFO | CamelLogger.java 159 | {"id":"1","name":"Name1","joinDate":"JoinDate1"}
2019-05-28 11:37:06,255 | INFO | CamelLogger.java 159 | "{\"id\":\"1\",\"name\":\"Name1\",\"joinDate\":\"JoinDate1\"}"
2019-05-28 11:37:11,258 | INFO | DefaultCamelContext.java 3497 | Apache Camel 2.20.1 (CamelContext: camel-1) is shutting down
2019-05-28 11:37:11,259 | INFO | DefaultShutdownStrategy.java 195 | Starting to graceful shutdown 2 routes (timeout 300 seconds)
2019-05-28 11:37:11,262 | INFO | DefaultShutdownStrategy.java 671 | Route: route2 shutdown complete, was consuming from: direct://unmarshalGSON
2019-05-28 11:37:11,262 | INFO | DefaultShutdownStrategy.java 671 | Route: route1 shutdown complete, was consuming from: direct://marshalGSON
2019-05-28 11:37:11,262 | INFO | DefaultShutdownStrategy.java 260 | Graceful shutdown of 2 routes completed in 0 seconds
2019-05-28 11:37:11,284 | INFO | DefaultCamelContext.java 3588 | Apache Camel 2.20.1 (CamelContext: camel-1) uptime 5.272 seconds
2019-05-28 11:37:11,284 | INFO | DefaultCamelContext.java 3589 | Apache Camel 2.20.1 (CamelContext: camel-1) is shutdown in 0.028 seconds
2019-05-28 11:37:37,347 | INFO | DefaultCamelContext.java 3146 | Apache Camel 2.20.1 (CamelContext: camel-1) is starting
2019-05-28 11:37:37,350 | INFO | ManagedManagementStrategy.java 205 | JMX is enabled
2019-05-28 11:37:37,466 | INFO | DefaultTypeConverter.java 66 | Type converters loaded (core: 192, classpath: 1)
2019-05-28 11:37:37,540 | INFO | DefaultCamelContext.java 3466 | StreamCaching is not in use. If using streams then its recommended to enable stream caching. See more details at http://camel.apache.org/stream-caching.html
2019-05-28 11:37:37,578 | INFO | DefaultCamelContext.java 4026 | Route: route1 started and consuming from: direct://marshalGSON
2019-05-28 11:37:37,578 | INFO | DefaultCamelContext.java 4026 | Route: route2 started and consuming from: direct://unmarshalGSON
2019-05-28 11:37:37,578 | INFO | DefaultCamelContext.java 3195 | Total 2 routes, of which 2 are started
2019-05-28 11:37:37,580 | INFO | DefaultCamelContext.java 3207 | Apache Camel 2.20.1 (CamelContext: camel-1) started in 0.234 seconds
2019-05-28 11:37:37,596 | INFO | CamelLogger.java 159 | {"id":"1","name":"Name1","joinDate":"JoinDate1"}
2019-05-28 11:37:37,598 | INFO | CamelLogger.java 159 | Employee{id=1, name=Name1, joinDate=JoinDate1}
2019-05-28 11:37:42,600 | INFO | DefaultCamelContext.java 3497 | Apache Camel 2.20.1 (CamelContext: camel-1) is shutting down
2019-05-28 11:37:42,600 | INFO | DefaultShutdownStrategy.java 195 | Starting to graceful shutdown 2 routes (timeout 300 seconds)
2019-05-28 11:37:42,605 | INFO | DefaultShutdownStrategy.java 671 | Route: route2 shutdown complete, was consuming from: direct://unmarshalGSON
2019-05-28 11:37:42,605 | INFO | DefaultShutdownStrategy.java 671 | Route: route1 shutdown complete, was consuming from: direct://marshalGSON
2019-05-28 11:37:42,605 | INFO | DefaultShutdownStrategy.java 260 | Graceful shutdown of 2 routes completed in 0 seconds
2019-05-28 11:37:42,628 | INFO | DefaultCamelContext.java 3588 | Apache Camel 2.20.1 (CamelContext: camel-1) uptime 5.272 seconds
2019-05-28 11:37:42,629 | INFO | DefaultCamelContext.java 3589 | Apache Camel 2.20.1 (CamelContext: camel-1) is shutdown in 0.031 seconds
2019-07-04 16:02:28,058 | INFO | DefaultCamelContext.java 3146 | Apache Camel 2.20.1 (CamelContext: camel-1) is starting
2019-07-04 16:02:28,060 | INFO | ManagedManagementStrategy.java 205 | JMX is enabled
2019-07-04 16:02:28,176 | INFO | DefaultTypeConverter.java 66 | Type converters loaded (core: 192, classpath: 1)
2019-07-04 16:02:28,249 | INFO | DefaultCamelContext.java 3466 | StreamCaching is not in use. If using streams then its recommended to enable stream caching. See more details at http://camel.apache.org/stream-caching.html
2019-07-04 16:02:28,357 | INFO | DefaultCamelContext.java 4026 | Route: route1 started and consuming from: direct://xmlInput
2019-07-04 16:02:28,357 | INFO | DefaultCamelContext.java 3195 | Total 1 routes, of which 1 are started
2019-07-04 16:02:28,359 | INFO | DefaultCamelContext.java 3207 | Apache Camel 2.20.1 (CamelContext: camel-1) started in 0.301 seconds
2019-07-04 16:02:28,415 | INFO | CamelLogger.java 159 | Exchange[ExchangePattern: InOnly, BodyType: app04.xstream.xml.marshalling.Employee, Body: Employee{id=b, name=a, joinDate=c}]
2019-07-04 16:02:33,415 | INFO | DefaultCamelContext.java 3497 | Apache Camel 2.20.1 (CamelContext: camel-1) is shutting down
2019-07-04 16:02:33,416 | INFO | DefaultShutdownStrategy.java 195 | Starting to graceful shutdown 1 routes (timeout 300 seconds)
2019-07-04 16:02:33,419 | INFO | DefaultShutdownStrategy.java 671 | Route: route1 shutdown complete, was consuming from: direct://xmlInput
2019-07-04 16:02:33,419 | INFO | DefaultShutdownStrategy.java 260 | Graceful shutdown of 1 routes completed in 0 seconds
2019-07-04 16:02:33,432 | INFO | DefaultCamelContext.java 3588 | Apache Camel 2.20.1 (CamelContext: camel-1) uptime 5.376 seconds
2019-07-04 16:02:33,432 | INFO | DefaultCamelContext.java 3589 | Apache Camel 2.20.1 (CamelContext: camel-1) is shutdown in 0.017 seconds
2019-07-04 16:03:14,827 | INFO | DefaultCamelContext.java 3146 | Apache Camel 2.20.1 (CamelContext: camel-1) is starting
2019-07-04 16:03:14,829 | INFO | ManagedManagementStrategy.java 205 | JMX is enabled
2019-07-04 16:03:14,944 | INFO | DefaultTypeConverter.java 66 | Type converters loaded (core: 192, classpath: 1)
2019-07-04 16:03:15,016 | INFO | DefaultCamelContext.java 3466 | StreamCaching is not in use. If using streams then its recommended to enable stream caching. See more details at http://camel.apache.org/stream-caching.html
2019-07-04 16:03:15,130 | INFO | DefaultCamelContext.java 4026 | Route: route1 started and consuming from: direct://xmlInput
2019-07-04 16:03:15,130 | INFO | DefaultCamelContext.java 3195 | Total 1 routes, of which 1 are started
2019-07-04 16:03:15,132 | INFO | DefaultCamelContext.java 3207 | Apache Camel 2.20.1 (CamelContext: camel-1) started in 0.305 seconds
2019-07-04 16:03:15,179 | INFO | CamelLogger.java 159 | Exchange[ExchangePattern: InOnly, BodyType: app04.xstream.xml.marshalling.Employee, Body: Employee{id=b, name=a, joinDate=c}]
2019-07-04 16:03:20,180 | INFO | DefaultCamelContext.java 3497 | Apache Camel 2.20.1 (CamelContext: camel-1) is shutting down
2019-07-04 16:03:20,180 | INFO | DefaultShutdownStrategy.java 195 | Starting to graceful shutdown 1 routes (timeout 300 seconds)
2019-07-04 16:03:20,183 | INFO | DefaultShutdownStrategy.java 671 | Route: route1 shutdown complete, was consuming from: direct://xmlInput
2019-07-04 16:03:20,184 | INFO | DefaultShutdownStrategy.java 260 | Graceful shutdown of 1 routes completed in 0 seconds
2019-07-04 16:03:20,194 | INFO | DefaultCamelContext.java 3588 | Apache Camel 2.20.1 (CamelContext: camel-1) uptime 5.369 seconds
2019-07-04 16:03:20,194 | INFO | DefaultCamelContext.java 3589 | Apache Camel 2.20.1 (CamelContext: camel-1) is shutdown in 0.014 seconds
