25-05-2019 16:58:15.457 [main] INFO  com.mycompany.camel.sprint.boot.App.logStarting - Starting App on DESKTOP-04ELI8G with PID 10112 (E:\Projects\Github\softwareengineerhub\camel\camel-sprint-boot\target\classes started by asusadmin in E:\Projects\Github\softwareengineerhub\camel\camel-sprint-boot)
25-05-2019 16:58:15.459 [main] INFO  com.mycompany.camel.sprint.boot.App.logStartupProfileInfo - The following profiles are active: dev
25-05-2019 16:58:15.491 [main] INFO  o.s.b.c.e.AnnotationConfigEmbeddedWebApplicationContext.prepareRefresh - Refreshing org.springframework.boot.context.embedded.AnnotationConfigEmbeddedWebApplicationContext@7f0eb4b4: startup date [Sat May 25 16:58:15 EEST 2019]; root of context hierarchy
25-05-2019 16:58:15.775 [background-preinit] INFO  o.h.validator.internal.util.Version.<clinit> - HV000001: Hibernate Validator 5.3.6.Final
25-05-2019 16:58:16.492 [main] INFO  o.s.c.s.PostProcessorRegistrationDelegate$BeanPostProcessorChecker.postProcessAfterInitialization - Bean 'org.apache.camel.spring.boot.CamelAutoConfiguration' of type [org.apache.camel.spring.boot.CamelAutoConfiguration$$EnhancerBySpringCGLIB$$fbad317f] is not eligible for getting processed by all BeanPostProcessors (for example: not eligible for auto-proxying)
25-05-2019 16:58:16.897 [main] INFO  o.s.b.c.e.t.TomcatEmbeddedServletContainer.initialize - Tomcat initialized with port(s): 8080 (http)
25-05-2019 16:58:16.905 [main] INFO  o.a.catalina.core.StandardService.log - Starting service [Tomcat]
25-05-2019 16:58:16.908 [main] INFO  o.a.catalina.core.StandardEngine.log - Starting Servlet Engine: Apache Tomcat/8.5.23
25-05-2019 16:58:16.995 [localhost-startStop-1] INFO  o.a.c.c.C.[Tomcat].[localhost].[/].log - Initializing Spring embedded WebApplicationContext
25-05-2019 16:58:16.995 [localhost-startStop-1] INFO  o.s.web.context.ContextLoader.prepareEmbeddedWebApplicationContext - Root WebApplicationContext: initialization completed in 1505 ms
25-05-2019 16:58:17.093 [localhost-startStop-1] INFO  o.s.b.w.s.ServletRegistrationBean.onStartup - Mapping servlet: 'dispatcherServlet' to [/]
25-05-2019 16:58:17.096 [localhost-startStop-1] INFO  o.s.b.w.s.FilterRegistrationBean.configure - Mapping filter: 'characterEncodingFilter' to: [/*]
25-05-2019 16:58:17.096 [localhost-startStop-1] INFO  o.s.b.w.s.FilterRegistrationBean.configure - Mapping filter: 'hiddenHttpMethodFilter' to: [/*]
25-05-2019 16:58:17.096 [localhost-startStop-1] INFO  o.s.b.w.s.FilterRegistrationBean.configure - Mapping filter: 'httpPutFormContentFilter' to: [/*]
25-05-2019 16:58:17.096 [localhost-startStop-1] INFO  o.s.b.w.s.FilterRegistrationBean.configure - Mapping filter: 'requestContextFilter' to: [/*]
25-05-2019 16:58:17.332 [main] INFO  o.s.w.s.m.m.a.RequestMappingHandlerAdapter.initControllerAdviceCache - Looking for @ControllerAdvice: org.springframework.boot.context.embedded.AnnotationConfigEmbeddedWebApplicationContext@7f0eb4b4: startup date [Sat May 25 16:58:15 EEST 2019]; root of context hierarchy
25-05-2019 16:58:17.397 [main] INFO  o.s.w.s.m.m.a.RequestMappingHandlerMapping.register - Mapped "{[/error]}" onto public org.springframework.http.ResponseEntity<java.util.Map<java.lang.String, java.lang.Object>> org.springframework.boot.autoconfigure.web.BasicErrorController.error(javax.servlet.http.HttpServletRequest)
25-05-2019 16:58:17.398 [main] INFO  o.s.w.s.m.m.a.RequestMappingHandlerMapping.register - Mapped "{[/error],produces=[text/html]}" onto public org.springframework.web.servlet.ModelAndView org.springframework.boot.autoconfigure.web.BasicErrorController.errorHtml(javax.servlet.http.HttpServletRequest,javax.servlet.http.HttpServletResponse)
25-05-2019 16:58:17.415 [main] INFO  o.s.w.s.h.SimpleUrlHandlerMapping.registerHandler - Mapped URL path [/webjars/**] onto handler of type [class org.springframework.web.servlet.resource.ResourceHttpRequestHandler]
25-05-2019 16:58:17.415 [main] INFO  o.s.w.s.h.SimpleUrlHandlerMapping.registerHandler - Mapped URL path [/**] onto handler of type [class org.springframework.web.servlet.resource.ResourceHttpRequestHandler]
25-05-2019 16:58:17.445 [main] INFO  o.s.w.s.h.SimpleUrlHandlerMapping.registerHandler - Mapped URL path [/**/favicon.ico] onto handler of type [class org.springframework.web.servlet.resource.ResourceHttpRequestHandler]
25-05-2019 16:58:17.633 [main] WARN  o.a.c.i.DefaultCamelBeanPostProcessor.postProcessBeforeInitialization - No CamelContext defined yet so cannot inject into bean: routesHealthCheckRepository
25-05-2019 16:58:17.791 [main] INFO  o.a.c.i.c.DefaultTypeConverter.doStart - Type converters loaded (core: 192, classpath: 1)
25-05-2019 16:58:18.176 [main] INFO  o.s.j.e.a.AnnotationMBeanExporter.afterSingletonsInstantiated - Registering beans for JMX exposure on startup
25-05-2019 16:58:18.209 [main] INFO  o.a.c.spring.boot.RoutesCollector.loadXmlRoutes - Loading additional Camel XML routes from: classpath:camel/*.xml
25-05-2019 16:58:18.209 [main] INFO  o.a.c.spring.boot.RoutesCollector.loadXmlRests - Loading additional Camel XML rests from: classpath:camel-rest/*.xml
25-05-2019 16:58:18.229 [main] INFO  o.a.camel.spring.SpringCamelContext.start - Apache Camel 2.20.1 (CamelContext: camel-1) is starting
25-05-2019 16:58:18.232 [main] INFO  o.a.c.m.ManagedManagementStrategy.doStart - JMX is enabled
25-05-2019 16:58:18.393 [main] INFO  o.a.camel.spring.SpringCamelContext.doStartCamel - StreamCaching is not in use. If using streams then its recommended to enable stream caching. See more details at http://camel.apache.org/stream-caching.html
25-05-2019 16:58:18.446 [main] INFO  o.a.camel.spring.SpringCamelContext.doStartOrResumeRouteConsumers - Route: route1 started and consuming from: timer://hello?period=10s
25-05-2019 16:58:18.447 [main] INFO  o.a.camel.spring.SpringCamelContext.start - Total 1 routes, of which 1 are started
25-05-2019 16:58:18.450 [main] INFO  o.a.camel.spring.SpringCamelContext.start - Apache Camel 2.20.1 (CamelContext: camel-1) started in 0.218 seconds
25-05-2019 16:58:18.454 [main] INFO  o.a.coyote.http11.Http11NioProtocol.log - Initializing ProtocolHandler ["http-nio-8080"]
25-05-2019 16:58:18.459 [main] INFO  o.a.coyote.http11.Http11NioProtocol.log - Starting ProtocolHandler ["http-nio-8080"]
25-05-2019 16:58:18.469 [main] INFO  o.a.tomcat.util.net.NioSelectorPool.log - Using a shared selector for servlet write/read
25-05-2019 16:58:18.481 [main] INFO  o.s.b.c.e.t.TomcatEmbeddedServletContainer.start - Tomcat started on port(s): 8080 (http)
25-05-2019 16:58:18.485 [main] INFO  com.mycompany.camel.sprint.boot.App.logStarted - Started App in 3.28 seconds (JVM running for 3.589)
25-05-2019 16:58:19.456 [Camel (camel-1) thread #1 - timer://hello] INFO  route1.log - Timer Invoked and the body 
